#
# There is insufficient memory for the Java Runtime Environment to continue.
# Native memory allocation (malloc) failed to allocate 467056 bytes for Chunk::new
# Possible reasons:
#   The system is out of physical RAM or swap space
#   The process is running with CompressedOops enabled, and the Java Heap may be blocking the growth of the native heap
# Possible solutions:
#   Reduce memory load on the system
#   Increase physical memory or swap space
#   Check if swap backing store is full
#   Decrease Java heap size (-Xmx/-Xms)
#   Decrease number of Java threads
#   Decrease Java thread stack sizes (-Xss)
#   Set larger code cache with -XX:ReservedCodeCacheSize=
#   JVM is running with Unscaled Compressed Oops mode in which the Java heap is
#     placed in the first 4GB address space. The Java Heap base address is the
#     maximum limit for the native heap growth. Please use -XX:HeapBaseMinAddress
#     to set the Java Heap base and to place the Java Heap above 4GB virtual address.
# This output file may be truncated or incomplete.
#
#  Out of Memory Error (arena.cpp:191), pid=9156, tid=10800
#
# JRE version: OpenJDK Runtime Environment Temurin-17.0.10+7 (17.0.10+7) (build 17.0.10+7)
# Java VM: OpenJDK 64-Bit Server VM Temurin-17.0.10+7 (17.0.10+7, mixed mode, tiered, compressed oops, compressed class ptrs, parallel gc, windows-amd64)
# No core dump will be written. Minidumps are not enabled by default on client versions of Windows
#

---------------  S U M M A R Y ------------

Command Line: --add-modules=ALL-SYSTEM --add-opens=java.base/java.util=ALL-UNNAMED --add-opens=java.base/java.lang=ALL-UNNAMED --add-opens=java.base/sun.nio.fs=ALL-UNNAMED -Declipse.application=org.eclipse.jdt.ls.core.id1 -Dosgi.bundles.defaultStartLevel=4 -Declipse.product=org.eclipse.jdt.ls.core.product -Djava.import.generatesMetadataFilesAtProjectRoot=false -DDetectVMInstallationsJob.disabled=true -Dfile.encoding=utf8 -XX:+UseParallelGC -XX:GCTimeRatio=4 -XX:AdaptiveSizePolicyWeight=90 -Dsun.zip.disableMemoryMapping=true -Xmx1G -Xms100m -Xlog:disable -javaagent:c:\Users\Sahib\.vscode\extensions\redhat.java-1.28.1-win32-x64\lombok\lombok-1.18.31.jar c:\Users\Sahib\.vscode\extensions\redhat.java-1.28.1-win32-x64\server\plugins\org.eclipse.equinox.launcher_1.6.700.v20231214-2017.jar -configuration c:\Users\Sahib\AppData\Roaming\Code\User\globalStorage\redhat.java\1.28.1\config_ss_win -data c:\Users\Sahib\AppData\Roaming\Code\User\workspaceStorage\6aa05c6369ba513e8d09f27d28089817\redhat.java\ss_ws --stdio

Host: AMD Ryzen 7 PRO 6850U with Radeon Graphics     , 16 cores, 30G,  Windows 11 , 64 bit Build 22621 (10.0.22621.3085)
Time: Fri Mar  1 20:00:25 2024 Mountain Standard Time elapsed time: 4.452782 seconds (0d 0h 0m 4s)

---------------  T H R E A D  ---------------

Current thread (0x0000020537953550):  JavaThread "C2 CompilerThread7" daemon [_thread_in_native, id=10800, stack(0x0000002121400000,0x0000002121500000)]


Current CompileTask:
C2:   4452 3752   !   4       java.nio.file.FileTreeWalker::next (144 bytes)

Stack: [0x0000002121400000,0x0000002121500000]
Native frames: (J=compiled Java code, j=interpreted, Vv=VM code, C=native code)
V  [jvm.dll+0x67d2c9]
V  [jvm.dll+0x834afa]
V  [jvm.dll+0x8365be]
V  [jvm.dll+0x836c23]
V  [jvm.dll+0x2477ff]
V  [jvm.dll+0xac514]
V  [jvm.dll+0xacb5c]
V  [jvm.dll+0x2aed1f]
V  [jvm.dll+0x584b67]
V  [jvm.dll+0x2228a2]
V  [jvm.dll+0x222c8f]
V  [jvm.dll+0x21bdb6]
V  [jvm.dll+0x219201]
V  [jvm.dll+0x1a502d]
V  [jvm.dll+0x2290de]
V  [jvm.dll+0x2272ac]
V  [jvm.dll+0x7e9bb7]
V  [jvm.dll+0x7e3fba]
V  [jvm.dll+0x67c1b5]
C  [ucrtbase.dll+0x29363]
C  [KERNEL32.DLL+0x1257d]
C  [ntdll.dll+0x5aa58]


---------------  P R O C E S S  ---------------

Threads class SMR info:
_java_thread_list=0x000002053786b130, length=34, elements={
0x000002051a810fe0, 0x000002052e692030, 0x000002052e693650, 0x00000205338be000,
0x00000205338bf530, 0x00000205338a0370, 0x00000205338a2840, 0x00000205338a9980,
0x00000205338aab20, 0x00000205338abd00, 0x000002051a873200, 0x0000020533a3be90,
0x0000020533b9adc0, 0x0000020533b9b2e0, 0x0000020535a29df0, 0x00000205364784d0,
0x00000205364d3e50, 0x0000020536458060, 0x000002053652f680, 0x0000020536525380,
0x0000020536708f90, 0x0000020536708060, 0x000002053670a3d0, 0x000002053670a8e0,
0x00000205367099b0, 0x0000020537520930, 0x000002053670b300, 0x0000020536708a80,
0x00000205378b0cb0, 0x0000020537866ed0, 0x0000020537867800, 0x00000205378d2a40,
0x0000020537953030, 0x0000020537953550
}

Java Threads: ( => current thread )
  0x000002051a810fe0 JavaThread "main" [_thread_blocked, id=21096, stack(0x000000211e200000,0x000000211e300000)]
  0x000002052e692030 JavaThread "Reference Handler" daemon [_thread_blocked, id=11584, stack(0x000000211e500000,0x000000211e600000)]
  0x000002052e693650 JavaThread "Finalizer" daemon [_thread_blocked, id=4184, stack(0x000000211e600000,0x000000211e700000)]
  0x00000205338be000 JavaThread "Signal Dispatcher" daemon [_thread_blocked, id=7340, stack(0x000000211e700000,0x000000211e800000)]
  0x00000205338bf530 JavaThread "Attach Listener" daemon [_thread_blocked, id=21160, stack(0x000000211e800000,0x000000211e900000)]
  0x00000205338a0370 JavaThread "Service Thread" daemon [_thread_blocked, id=10228, stack(0x000000211e900000,0x000000211ea00000)]
  0x00000205338a2840 JavaThread "Monitor Deflation Thread" daemon [_thread_blocked, id=18440, stack(0x000000211ea00000,0x000000211eb00000)]
  0x00000205338a9980 JavaThread "C2 CompilerThread0" daemon [_thread_in_native, id=26092, stack(0x000000211eb00000,0x000000211ec00000)]
  0x00000205338aab20 JavaThread "C1 CompilerThread0" daemon [_thread_blocked, id=19632, stack(0x000000211ec00000,0x000000211ed00000)]
  0x00000205338abd00 JavaThread "Sweeper thread" daemon [_thread_blocked, id=19900, stack(0x000000211ed00000,0x000000211ee00000)]
  0x000002051a873200 JavaThread "Common-Cleaner" daemon [_thread_blocked, id=22440, stack(0x000000211ee00000,0x000000211ef00000)]
  0x0000020533a3be90 JavaThread "C1 CompilerThread1" daemon [_thread_blocked, id=26132, stack(0x000000211ef00000,0x000000211f000000)]
  0x0000020533b9adc0 JavaThread "C1 CompilerThread2" daemon [_thread_blocked, id=25912, stack(0x000000211f200000,0x000000211f300000)]
  0x0000020533b9b2e0 JavaThread "C1 CompilerThread3" daemon [_thread_blocked, id=22736, stack(0x000000211f300000,0x000000211f400000)]
  0x0000020535a29df0 JavaThread "Notification Thread" daemon [_thread_blocked, id=23488, stack(0x000000211f400000,0x000000211f500000)]
  0x00000205364784d0 JavaThread "Active Thread: Equinox Container: f50be12b-4ac0-4418-91fa-ed30b46825e2" [_thread_blocked, id=23452, stack(0x000000211f600000,0x000000211f700000)]
  0x00000205364d3e50 JavaThread "Framework Event Dispatcher: Equinox Container: f50be12b-4ac0-4418-91fa-ed30b46825e2" daemon [_thread_blocked, id=23340, stack(0x000000211fc00000,0x000000211fd00000)]
  0x0000020536458060 JavaThread "Start Level: Equinox Container: f50be12b-4ac0-4418-91fa-ed30b46825e2" daemon [_thread_blocked, id=23448, stack(0x000000211fd00000,0x000000211fe00000)]
  0x000002053652f680 JavaThread "SCR Component Actor" daemon [_thread_blocked, id=2588, stack(0x000000211fe00000,0x000000211ff00000)]
  0x0000020536525380 JavaThread "SCR Component Registry" daemon [_thread_blocked, id=7600, stack(0x0000002120100000,0x0000002120200000)]
  0x0000020536708f90 JavaThread "Worker-JM" [_thread_blocked, id=400, stack(0x000000211f100000,0x000000211f200000)]
  0x0000020536708060 JavaThread "Worker-0: Initialize Workspace" [_thread_in_Java, id=11076, stack(0x0000002120400000,0x0000002120500000)]
  0x000002053670a3d0 JavaThread "Worker-1" [_thread_blocked, id=25424, stack(0x0000002120500000,0x0000002120600000)]
  0x000002053670a8e0 JavaThread "JNA Cleaner" daemon [_thread_blocked, id=21264, stack(0x000000211f000000,0x000000211f100000)]
  0x00000205367099b0 JavaThread "pool-2-thread-1" [_thread_blocked, id=27464, stack(0x0000002120b00000,0x0000002120c00000)]
  0x0000020537520930 JavaThread "C2 CompilerThread1" daemon [_thread_in_native, id=392, stack(0x0000002120c00000,0x0000002120d00000)]
  0x000002053670b300 JavaThread "WorkspaceEventsHandler" [_thread_blocked, id=26180, stack(0x0000002120d00000,0x0000002120e00000)]
  0x0000020536708a80 JavaThread "pool-1-thread-1" [_thread_blocked, id=23364, stack(0x0000002120e00000,0x0000002120f00000)]
  0x00000205378b0cb0 JavaThread "C2 CompilerThread2" daemon [_thread_in_native, id=20160, stack(0x0000002120f00000,0x0000002121000000)]
  0x0000020537866ed0 JavaThread "C2 CompilerThread3" daemon [_thread_in_native, id=23424, stack(0x0000002121000000,0x0000002121100000)]
  0x0000020537867800 JavaThread "C2 CompilerThread4" daemon [_thread_in_native, id=27436, stack(0x0000002121100000,0x0000002121200000)]
  0x00000205378d2a40 JavaThread "C2 CompilerThread5" daemon [_thread_in_native, id=8148, stack(0x0000002121200000,0x0000002121300000)]
  0x0000020537953030 JavaThread "C2 CompilerThread6" daemon [_thread_in_native, id=13380, stack(0x0000002121300000,0x0000002121400000)]
=>0x0000020537953550 JavaThread "C2 CompilerThread7" daemon [_thread_in_native, id=10800, stack(0x0000002121400000,0x0000002121500000)]

Other Threads:
  0x000002052e5879a0 VMThread "VM Thread" [stack: 0x000000211e400000,0x000000211e500000] [id=16924]
  0x0000020535a2a2d0 WatcherThread [stack: 0x000000211f500000,0x000000211f600000] [id=24904]
  0x000002051a8273d0 GCTaskThread "GC Thread#0" [stack: 0x000000211e300000,0x000000211e400000] [id=6616]
  0x0000020536055410 GCTaskThread "GC Thread#1" [stack: 0x000000211f700000,0x000000211f800000] [id=25812]
  0x0000020536055ad0 GCTaskThread "GC Thread#2" [stack: 0x000000211f800000,0x000000211f900000] [id=1892]
  0x0000020536055d90 GCTaskThread "GC Thread#3" [stack: 0x000000211f900000,0x000000211fa00000] [id=3944]
  0x0000020536056050 GCTaskThread "GC Thread#4" [stack: 0x000000211fa00000,0x000000211fb00000] [id=26456]
  0x0000020536056310 GCTaskThread "GC Thread#5" [stack: 0x000000211fb00000,0x000000211fc00000] [id=21592]
  0x00000205187ab680 GCTaskThread "GC Thread#6" [stack: 0x000000211ff00000,0x0000002120000000] [id=14212]
  0x000002053654c030 GCTaskThread "GC Thread#7" [stack: 0x0000002120000000,0x0000002120100000] [id=7976]
  0x00000205367697c0 GCTaskThread "GC Thread#8" [stack: 0x0000002120200000,0x0000002120300000] [id=12652]
  0x00000205362d1050 GCTaskThread "GC Thread#9" [stack: 0x0000002120300000,0x0000002120400000] [id=7584]
  0x000002053665c3c0 GCTaskThread "GC Thread#10" [stack: 0x0000002120600000,0x0000002120700000] [id=23860]
  0x00000205367ce310 GCTaskThread "GC Thread#11" [stack: 0x0000002120800000,0x0000002120900000] [id=25464]
  0x0000020537616da0 GCTaskThread "GC Thread#12" [stack: 0x0000002120900000,0x0000002120a00000] [id=22940]

Threads with active compile tasks:
C2 CompilerThread0     4477 3707       4       jdk.internal.jimage.ImageReader$SharedImageReader::makeDirectories (54 bytes)
C2 CompilerThread1     4477 3753       4       jdk.internal.jrtfs.JrtFileSystem$$Lambda$216/0x00000001003d8290::apply (16 bytes)
C2 CompilerThread2     4477 3817       4       jdk.internal.jrtfs.JrtPath::getName (6 bytes)
C2 CompilerThread3     4477 3829       4       org.eclipse.jdt.internal.core.JarPackageFragmentRoot::initRawPackageInfo (349 bytes)
C2 CompilerThread4     4477 3760       4       jdk.internal.jrtfs.JrtFileSystem::lambda$iteratorOf$2 (20 bytes)
C2 CompilerThread5     4477 3778   !   4       java.nio.file.FileTreeWalker::visit (204 bytes)
C2 CompilerThread6     4477 3818       4       jdk.internal.jrtfs.JrtPath::getName (116 bytes)
C2 CompilerThread7     4477 3752   !   4       java.nio.file.FileTreeWalker::next (144 bytes)

VM state: not at safepoint (normal execution)

VM Mutex/Monitor currently owned by a thread: None

Heap address: 0x00000000c0000000, size: 1024 MB, Compressed Oops mode: 32-bit

CDS archive(s) not mapped
Compressed class space mapped at: 0x0000000100000000-0x0000000140000000, reserved size: 1073741824
Narrow klass base: 0x0000000000000000, Narrow klass shift: 3, Narrow klass range: 0x140000000

GC Precious Log:
 CPUs: 16 total, 16 available
 Memory: 31502M
 Large Page Support: Disabled
 NUMA Support: Disabled
 Compressed Oops: Enabled (32-bit)
 Alignments: Space 512K, Generation 512K, Heap 2M
 Heap Min Capacity: 100M
 Heap Initial Capacity: 100M
 Heap Max Capacity: 1G
 Pre-touch: Disabled
 Parallel Workers: 13

Heap:
 PSYoungGen      total 25088K, used 4166K [0x00000000eab00000, 0x00000000ec680000, 0x0000000100000000)
  eden space 22528K, 7% used [0x00000000eab00000,0x00000000eacb98a0,0x00000000ec100000)
  from space 2560K, 93% used [0x00000000ec280000,0x00000000ec4d8010,0x00000000ec500000)
  to   space 1536K, 0% used [0x00000000ec500000,0x00000000ec500000,0x00000000ec680000)
 ParOldGen       total 68608K, used 14739K [0x00000000c0000000, 0x00000000c4300000, 0x00000000eab00000)
  object space 68608K, 21% used [0x00000000c0000000,0x00000000c0e64d20,0x00000000c4300000)
 Metaspace       used 36968K, committed 37696K, reserved 1114112K
  class space    used 3753K, committed 4096K, reserved 1048576K

Card table byte_map: [0x000002051a1a0000,0x000002051a3b0000] _byte_map_base: 0x0000020519ba0000

Marking Bits: (ParMarkBitMap*) 0x00007fff5264d7d0
 Begin Bits: [0x000002052c4a0000, 0x000002052d4a0000)
 End Bits:   [0x000002052d4a0000, 0x000002052e4a0000)

Polling page: 0x0000020518670000

Metaspace:

Usage:
  Non-class:     32.44 MB used.
      Class:      3.67 MB used.
       Both:     36.10 MB used.

Virtual space:
  Non-class space:       64.00 MB reserved,      32.81 MB ( 51%) committed,  1 nodes.
      Class space:        1.00 GB reserved,       4.00 MB ( <1%) committed,  1 nodes.
             Both:        1.06 GB reserved,      36.81 MB (  3%) committed. 

Chunk freelists:
   Non-Class:  15.14 MB
       Class:  11.94 MB
        Both:  27.08 MB

MaxMetaspaceSize: unlimited
CompressedClassSpaceSize: 1.00 GB
Initial GC threshold: 21.00 MB
Current GC threshold: 58.38 MB
CDS: off
MetaspaceReclaimPolicy: balanced
 - commit_granule_bytes: 65536.
 - commit_granule_words: 8192.
 - virtual_space_node_default_size: 8388608.
 - enlarge_chunks_in_place: 1.
 - new_chunks_are_fully_committed: 0.
 - uncommit_free_chunks: 1.
 - use_allocation_guard: 0.
 - handle_deallocations: 1.


Internal statistics:

num_allocs_failed_limit: 6.
num_arena_births: 364.
num_arena_deaths: 14.
num_vsnodes_births: 2.
num_vsnodes_deaths: 0.
num_space_committed: 589.
num_space_uncommitted: 0.
num_chunks_returned_to_freelist: 20.
num_chunks_taken_from_freelist: 1520.
num_chunk_merges: 8.
num_chunk_splits: 959.
num_chunks_enlarged: 635.
num_inconsistent_stats: 0.

CodeHeap 'non-profiled nmethods': size=119168Kb used=1722Kb max_used=1722Kb free=117445Kb
 bounds [0x0000020525040000, 0x00000205252b0000, 0x000002052c4a0000]
CodeHeap 'profiled nmethods': size=119104Kb used=7825Kb max_used=7825Kb free=111279Kb
 bounds [0x000002051d4a0000, 0x000002051dc50000, 0x00000205248f0000]
CodeHeap 'non-nmethods': size=7488Kb used=2964Kb max_used=3001Kb free=4523Kb
 bounds [0x00000205248f0000, 0x0000020524be0000, 0x0000020525040000]
 total_blobs=4428 nmethods=3828 adapters=511
 compilation: enabled
              stopped_count=0, restarted_count=0
 full_count=0

Compilation events (20 events):
Event: 4.420 Thread 0x0000020533a3be90 3835       3       org.eclipse.jdt.core.JavaConventions::scanForRestrictedKeyWords (137 bytes)
Event: 4.423 Thread 0x0000020533b9b2e0 nmethod 3834 0x000002051dc3e710 code [0x000002051dc3e8e0, 0x000002051dc3ec78]
Event: 4.425 Thread 0x0000020533a3be90 nmethod 3835 0x000002051dc3ed90 code [0x000002051dc3f000, 0x000002051dc3fc48]
Event: 4.431 Thread 0x00000205338aab20 nmethod 3815 0x000002051dc30410 code [0x000002051dc31240, 0x000002051dc3c5d8]
Event: 4.434 Thread 0x0000020537866ed0 nmethod 3819 0x00000205251ea110 code [0x00000205251ea2c0, 0x00000205251eaab8]
Event: 4.435 Thread 0x0000020537866ed0 3829       4       org.eclipse.jdt.internal.core.JarPackageFragmentRoot::initRawPackageInfo (349 bytes)
Event: 4.435 Thread 0x0000020537953030 nmethod 3724 0x00000205251e6c90 code [0x00000205251e6fc0, 0x00000205251e8918]
Event: 4.437 Thread 0x0000020537953030 3813       4       jdk.internal.jrtfs.JrtPath::getNameCount (10 bytes)
Event: 4.443 Thread 0x00000205338aab20 3836       3       org.eclipse.core.internal.resources.Resource::hashCode (8 bytes)
Event: 4.443 Thread 0x00000205338aab20 nmethod 3836 0x000002051dc3ff90 code [0x000002051dc40140, 0x000002051dc403a8]
Event: 4.445 Thread 0x00000205338aab20 3837       3       org.eclipse.jdt.internal.core.PackageFragmentRoot::getPath (5 bytes)
Event: 4.445 Thread 0x0000020533a3be90 3838       3       org.eclipse.jdt.internal.core.JarPackageFragmentRoot::internalPath (17 bytes)
Event: 4.445 Thread 0x00000205338aab20 nmethod 3837 0x000002051dc40490 code [0x000002051dc40640, 0x000002051dc40808]
Event: 4.445 Thread 0x0000020533a3be90 nmethod 3838 0x000002051dc40890 code [0x000002051dc40a80, 0x000002051dc410d8]
Event: 4.446 Thread 0x00000205378b0cb0 nmethod 3761 0x00000205251eb010 code [0x00000205251eb260, 0x00000205251eca30]
Event: 4.448 Thread 0x00000205378b0cb0 3817       4       jdk.internal.jrtfs.JrtPath::getName (6 bytes)
Event: 4.449 Thread 0x00000205338aab20 3839   !   3       org.eclipse.jdt.internal.core.JavaModelManager::getPerProjectInfo (62 bytes)
Event: 4.450 Thread 0x00000205338aab20 nmethod 3839 0x000002051dc41290 code [0x000002051dc41460, 0x000002051dc41a08]
Event: 4.450 Thread 0x0000020537953030 nmethod 3813 0x00000205251ed910 code [0x00000205251edae0, 0x00000205251ee2f8]
Event: 4.451 Thread 0x0000020537953030 3818       4       jdk.internal.jrtfs.JrtPath::getName (116 bytes)

GC Heap History (20 events):
Event: 1.869 GC heap before
{Heap before GC invocations=3 (full 0):
 PSYoungGen      total 29696K, used 29690K [0x00000000eab00000, 0x00000000ecc00000, 0x0000000100000000)
  eden space 25600K, 100% used [0x00000000eab00000,0x00000000ec400000,0x00000000ec400000)
  from space 4096K, 99% used [0x00000000ec800000,0x00000000ecbfe980,0x00000000ecc00000)
  to   space 4096K, 0% used [0x00000000ec400000,0x00000000ec400000,0x00000000ec800000)
 ParOldGen       total 68608K, used 680K [0x00000000c0000000, 0x00000000c4300000, 0x00000000eab00000)
  object space 68608K, 0% used [0x00000000c0000000,0x00000000c00aa030,0x00000000c4300000)
 Metaspace       used 19617K, committed 20032K, reserved 1114112K
  class space    used 1997K, committed 2176K, reserved 1048576K
}
Event: 1.877 GC heap after
{Heap after GC invocations=3 (full 0):
 PSYoungGen      total 29696K, used 4079K [0x00000000eab00000, 0x00000000ecc00000, 0x0000000100000000)
  eden space 25600K, 0% used [0x00000000eab00000,0x00000000eab00000,0x00000000ec400000)
  from space 4096K, 99% used [0x00000000ec400000,0x00000000ec7fbec0,0x00000000ec800000)
  to   space 4096K, 0% used [0x00000000ec800000,0x00000000ec800000,0x00000000ecc00000)
 ParOldGen       total 68608K, used 2419K [0x00000000c0000000, 0x00000000c4300000, 0x00000000eab00000)
  object space 68608K, 3% used [0x00000000c0000000,0x00000000c025cc18,0x00000000c4300000)
 Metaspace       used 19617K, committed 20032K, reserved 1114112K
  class space    used 1997K, committed 2176K, reserved 1048576K
}
Event: 2.060 GC heap before
{Heap before GC invocations=4 (full 0):
 PSYoungGen      total 29696K, used 12812K [0x00000000eab00000, 0x00000000ecc00000, 0x0000000100000000)
  eden space 25600K, 34% used [0x00000000eab00000,0x00000000eb3874e8,0x00000000ec400000)
  from space 4096K, 99% used [0x00000000ec400000,0x00000000ec7fbec0,0x00000000ec800000)
  to   space 4096K, 0% used [0x00000000ec800000,0x00000000ec800000,0x00000000ecc00000)
 ParOldGen       total 68608K, used 2419K [0x00000000c0000000, 0x00000000c4300000, 0x00000000eab00000)
  object space 68608K, 3% used [0x00000000c0000000,0x00000000c025cc18,0x00000000c4300000)
 Metaspace       used 21088K, committed 21504K, reserved 1114112K
  class space    used 2156K, committed 2368K, reserved 1048576K
}
Event: 2.063 GC heap after
{Heap after GC invocations=4 (full 0):
 PSYoungGen      total 29696K, used 4079K [0x00000000eab00000, 0x00000000ecc00000, 0x0000000100000000)
  eden space 25600K, 0% used [0x00000000eab00000,0x00000000eab00000,0x00000000ec400000)
  from space 4096K, 99% used [0x00000000ec800000,0x00000000ecbfbec0,0x00000000ecc00000)
  to   space 4096K, 0% used [0x00000000ec400000,0x00000000ec400000,0x00000000ec800000)
 ParOldGen       total 68608K, used 2777K [0x00000000c0000000, 0x00000000c4300000, 0x00000000eab00000)
  object space 68608K, 4% used [0x00000000c0000000,0x00000000c02b6428,0x00000000c4300000)
 Metaspace       used 21088K, committed 21504K, reserved 1114112K
  class space    used 2156K, committed 2368K, reserved 1048576K
}
Event: 2.063 GC heap before
{Heap before GC invocations=5 (full 1):
 PSYoungGen      total 29696K, used 4079K [0x00000000eab00000, 0x00000000ecc00000, 0x0000000100000000)
  eden space 25600K, 0% used [0x00000000eab00000,0x00000000eab00000,0x00000000ec400000)
  from space 4096K, 99% used [0x00000000ec800000,0x00000000ecbfbec0,0x00000000ecc00000)
  to   space 4096K, 0% used [0x00000000ec400000,0x00000000ec400000,0x00000000ec800000)
 ParOldGen       total 68608K, used 2777K [0x00000000c0000000, 0x00000000c4300000, 0x00000000eab00000)
  object space 68608K, 4% used [0x00000000c0000000,0x00000000c02b6428,0x00000000c4300000)
 Metaspace       used 21088K, committed 21504K, reserved 1114112K
  class space    used 2156K, committed 2368K, reserved 1048576K
}
Event: 2.088 GC heap after
{Heap after GC invocations=5 (full 1):
 PSYoungGen      total 29696K, used 0K [0x00000000eab00000, 0x00000000ecc00000, 0x0000000100000000)
  eden space 25600K, 0% used [0x00000000eab00000,0x00000000eab00000,0x00000000ec400000)
  from space 4096K, 0% used [0x00000000ec800000,0x00000000ec800000,0x00000000ecc00000)
  to   space 4096K, 0% used [0x00000000ec400000,0x00000000ec400000,0x00000000ec800000)
 ParOldGen       total 68608K, used 6619K [0x00000000c0000000, 0x00000000c4300000, 0x00000000eab00000)
  object space 68608K, 9% used [0x00000000c0000000,0x00000000c0676d68,0x00000000c4300000)
 Metaspace       used 21075K, committed 21504K, reserved 1114112K
  class space    used 2153K, committed 2368K, reserved 1048576K
}
Event: 2.287 GC heap before
{Heap before GC invocations=6 (full 1):
 PSYoungGen      total 29696K, used 25600K [0x00000000eab00000, 0x00000000ecc00000, 0x0000000100000000)
  eden space 25600K, 100% used [0x00000000eab00000,0x00000000ec400000,0x00000000ec400000)
  from space 4096K, 0% used [0x00000000ec800000,0x00000000ec800000,0x00000000ecc00000)
  to   space 4096K, 0% used [0x00000000ec400000,0x00000000ec400000,0x00000000ec800000)
 ParOldGen       total 68608K, used 6619K [0x00000000c0000000, 0x00000000c4300000, 0x00000000eab00000)
  object space 68608K, 9% used [0x00000000c0000000,0x00000000c0676d68,0x00000000c4300000)
 Metaspace       used 24138K, committed 24640K, reserved 1114112K
  class space    used 2364K, committed 2560K, reserved 1048576K
}
Event: 2.289 GC heap after
{Heap after GC invocations=6 (full 1):
 PSYoungGen      total 26112K, used 838K [0x00000000eab00000, 0x00000000ec880000, 0x0000000100000000)
  eden space 25088K, 0% used [0x00000000eab00000,0x00000000eab00000,0x00000000ec380000)
  from space 1024K, 81% used [0x00000000ec400000,0x00000000ec4d1960,0x00000000ec500000)
  to   space 2560K, 0% used [0x00000000ec600000,0x00000000ec600000,0x00000000ec880000)
 ParOldGen       total 68608K, used 6627K [0x00000000c0000000, 0x00000000c4300000, 0x00000000eab00000)
  object space 68608K, 9% used [0x00000000c0000000,0x00000000c0678d68,0x00000000c4300000)
 Metaspace       used 24138K, committed 24640K, reserved 1114112K
  class space    used 2364K, committed 2560K, reserved 1048576K
}
Event: 2.461 GC heap before
{Heap before GC invocations=7 (full 1):
 PSYoungGen      total 26112K, used 25926K [0x00000000eab00000, 0x00000000ec880000, 0x0000000100000000)
  eden space 25088K, 100% used [0x00000000eab00000,0x00000000ec380000,0x00000000ec380000)
  from space 1024K, 81% used [0x00000000ec400000,0x00000000ec4d1960,0x00000000ec500000)
  to   space 2560K, 0% used [0x00000000ec600000,0x00000000ec600000,0x00000000ec880000)
 ParOldGen       total 68608K, used 6627K [0x00000000c0000000, 0x00000000c4300000, 0x00000000eab00000)
  object space 68608K, 9% used [0x00000000c0000000,0x00000000c0678d68,0x00000000c4300000)
 Metaspace       used 26713K, committed 27200K, reserved 1114112K
  class space    used 2569K, committed 2816K, reserved 1048576K
}
Event: 2.462 GC heap after
{Heap after GC invocations=7 (full 1):
 PSYoungGen      total 27136K, used 2533K [0x00000000eab00000, 0x00000000ec900000, 0x0000000100000000)
  eden space 24576K, 0% used [0x00000000eab00000,0x00000000eab00000,0x00000000ec300000)
  from space 2560K, 98% used [0x00000000ec600000,0x00000000ec879468,0x00000000ec880000)
  to   space 3072K, 0% used [0x00000000ec300000,0x00000000ec300000,0x00000000ec600000)
 ParOldGen       total 68608K, used 6635K [0x00000000c0000000, 0x00000000c4300000, 0x00000000eab00000)
  object space 68608K, 9% used [0x00000000c0000000,0x00000000c067ad68,0x00000000c4300000)
 Metaspace       used 26713K, committed 27200K, reserved 1114112K
  class space    used 2569K, committed 2816K, reserved 1048576K
}
Event: 3.410 GC heap before
{Heap before GC invocations=8 (full 1):
 PSYoungGen      total 27136K, used 27109K [0x00000000eab00000, 0x00000000ec900000, 0x0000000100000000)
  eden space 24576K, 100% used [0x00000000eab00000,0x00000000ec300000,0x00000000ec300000)
  from space 2560K, 98% used [0x00000000ec600000,0x00000000ec879468,0x00000000ec880000)
  to   space 3072K, 0% used [0x00000000ec300000,0x00000000ec300000,0x00000000ec600000)
 ParOldGen       total 68608K, used 6635K [0x00000000c0000000, 0x00000000c4300000, 0x00000000eab00000)
  object space 68608K, 9% used [0x00000000c0000000,0x00000000c067ad68,0x00000000c4300000)
 Metaspace       used 31025K, committed 31616K, reserved 1114112K
  class space    used 3035K, committed 3328K, reserved 1048576K
}
Event: 3.413 GC heap after
{Heap after GC invocations=8 (full 1):
 PSYoungGen      total 27136K, used 3042K [0x00000000eab00000, 0x00000000ecc80000, 0x0000000100000000)
  eden space 24064K, 0% used [0x00000000eab00000,0x00000000eab00000,0x00000000ec280000)
  from space 3072K, 99% used [0x00000000ec300000,0x00000000ec5f8b40,0x00000000ec600000)
  to   space 5120K, 0% used [0x00000000ec780000,0x00000000ec780000,0x00000000ecc80000)
 ParOldGen       total 68608K, used 8107K [0x00000000c0000000, 0x00000000c4300000, 0x00000000eab00000)
  object space 68608K, 11% used [0x00000000c0000000,0x00000000c07eae20,0x00000000c4300000)
 Metaspace       used 31025K, committed 31616K, reserved 1114112K
  class space    used 3035K, committed 3328K, reserved 1048576K
}
Event: 3.993 GC heap before
{Heap before GC invocations=9 (full 1):
 PSYoungGen      total 27136K, used 27106K [0x00000000eab00000, 0x00000000ecc80000, 0x0000000100000000)
  eden space 24064K, 99% used [0x00000000eab00000,0x00000000ec27fff8,0x00000000ec280000)
  from space 3072K, 99% used [0x00000000ec300000,0x00000000ec5f8b40,0x00000000ec600000)
  to   space 5120K, 0% used [0x00000000ec780000,0x00000000ec780000,0x00000000ecc80000)
 ParOldGen       total 68608K, used 8107K [0x00000000c0000000, 0x00000000c4300000, 0x00000000eab00000)
  object space 68608K, 11% used [0x00000000c0000000,0x00000000c07eae20,0x00000000c4300000)
 Metaspace       used 35014K, committed 35712K, reserved 1114112K
  class space    used 3536K, committed 3904K, reserved 1048576K
}
Event: 3.996 GC heap after
{Heap after GC invocations=9 (full 1):
 PSYoungGen      total 28672K, used 4834K [0x00000000eab00000, 0x00000000ecc80000, 0x0000000100000000)
  eden space 23552K, 0% used [0x00000000eab00000,0x00000000eab00000,0x00000000ec200000)
  from space 5120K, 94% used [0x00000000ec780000,0x00000000ecc389e0,0x00000000ecc80000)
  to   space 5120K, 0% used [0x00000000ec280000,0x00000000ec280000,0x00000000ec780000)
 ParOldGen       total 68608K, used 8115K [0x00000000c0000000, 0x00000000c4300000, 0x00000000eab00000)
  object space 68608K, 11% used [0x00000000c0000000,0x00000000c07ece20,0x00000000c4300000)
 Metaspace       used 35014K, committed 35712K, reserved 1114112K
  class space    used 3536K, committed 3904K, reserved 1048576K
}
Event: 4.015 GC heap before
{Heap before GC invocations=10 (full 1):
 PSYoungGen      total 28672K, used 5743K [0x00000000eab00000, 0x00000000ecc80000, 0x0000000100000000)
  eden space 23552K, 3% used [0x00000000eab00000,0x00000000eabe33d8,0x00000000ec200000)
  from space 5120K, 94% used [0x00000000ec780000,0x00000000ecc389e0,0x00000000ecc80000)
  to   space 5120K, 0% used [0x00000000ec280000,0x00000000ec280000,0x00000000ec780000)
 ParOldGen       total 68608K, used 8115K [0x00000000c0000000, 0x00000000c4300000, 0x00000000eab00000)
  object space 68608K, 11% used [0x00000000c0000000,0x00000000c07ece20,0x00000000c4300000)
 Metaspace       used 35161K, committed 35840K, reserved 1114112K
  class space    used 3551K, committed 3904K, reserved 1048576K
}
Event: 4.019 GC heap after
{Heap after GC invocations=10 (full 1):
 PSYoungGen      total 27136K, used 3449K [0x00000000eab00000, 0x00000000eca00000, 0x0000000100000000)
  eden space 23552K, 0% used [0x00000000eab00000,0x00000000eab00000,0x00000000ec200000)
  from space 3584K, 96% used [0x00000000ec280000,0x00000000ec5de630,0x00000000ec600000)
  to   space 4096K, 0% used [0x00000000ec600000,0x00000000ec600000,0x00000000eca00000)
 ParOldGen       total 68608K, used 9597K [0x00000000c0000000, 0x00000000c4300000, 0x00000000eab00000)
  object space 68608K, 13% used [0x00000000c0000000,0x00000000c095f690,0x00000000c4300000)
 Metaspace       used 35161K, committed 35840K, reserved 1114112K
  class space    used 3551K, committed 3904K, reserved 1048576K
}
Event: 4.019 GC heap before
{Heap before GC invocations=11 (full 2):
 PSYoungGen      total 27136K, used 3449K [0x00000000eab00000, 0x00000000eca00000, 0x0000000100000000)
  eden space 23552K, 0% used [0x00000000eab00000,0x00000000eab00000,0x00000000ec200000)
  from space 3584K, 96% used [0x00000000ec280000,0x00000000ec5de630,0x00000000ec600000)
  to   space 4096K, 0% used [0x00000000ec600000,0x00000000ec600000,0x00000000eca00000)
 ParOldGen       total 68608K, used 9597K [0x00000000c0000000, 0x00000000c4300000, 0x00000000eab00000)
  object space 68608K, 13% used [0x00000000c0000000,0x00000000c095f690,0x00000000c4300000)
 Metaspace       used 35161K, committed 35840K, reserved 1114112K
  class space    used 3551K, committed 3904K, reserved 1048576K
}
Event: 4.044 GC heap after
{Heap after GC invocations=11 (full 2):
 PSYoungGen      total 27136K, used 0K [0x00000000eab00000, 0x00000000eca00000, 0x0000000100000000)
  eden space 23552K, 0% used [0x00000000eab00000,0x00000000eab00000,0x00000000ec200000)
  from space 3584K, 0% used [0x00000000ec280000,0x00000000ec280000,0x00000000ec600000)
  to   space 4096K, 0% used [0x00000000ec600000,0x00000000ec600000,0x00000000eca00000)
 ParOldGen       total 68608K, used 12657K [0x00000000c0000000, 0x00000000c4300000, 0x00000000eab00000)
  object space 68608K, 18% used [0x00000000c0000000,0x00000000c0c5c430,0x00000000c4300000)
 Metaspace       used 35161K, committed 35840K, reserved 1114112K
  class space    used 3551K, committed 3904K, reserved 1048576K
}
Event: 4.267 GC heap before
{Heap before GC invocations=12 (full 2):
 PSYoungGen      total 27136K, used 23552K [0x00000000eab00000, 0x00000000eca00000, 0x0000000100000000)
  eden space 23552K, 100% used [0x00000000eab00000,0x00000000ec200000,0x00000000ec200000)
  from space 3584K, 0% used [0x00000000ec280000,0x00000000ec280000,0x00000000ec600000)
  to   space 4096K, 0% used [0x00000000ec600000,0x00000000ec600000,0x00000000eca00000)
 ParOldGen       total 68608K, used 12657K [0x00000000c0000000, 0x00000000c4300000, 0x00000000eab00000)
  object space 68608K, 18% used [0x00000000c0000000,0x00000000c0c5c430,0x00000000c4300000)
 Metaspace       used 36768K, committed 37504K, reserved 1114112K
  class space    used 3734K, committed 4096K, reserved 1048576K
}
Event: 4.269 GC heap after
{Heap after GC invocations=12 (full 2):
 PSYoungGen      total 25600K, used 2272K [0x00000000eab00000, 0x00000000ec880000, 0x0000000100000000)
  eden space 23040K, 0% used [0x00000000eab00000,0x00000000eab00000,0x00000000ec180000)
  from space 2560K, 88% used [0x00000000ec600000,0x00000000ec838040,0x00000000ec880000)
  to   space 3072K, 0% used [0x00000000ec280000,0x00000000ec280000,0x00000000ec580000)
 ParOldGen       total 68608K, used 12665K [0x00000000c0000000, 0x00000000c4300000, 0x00000000eab00000)
  object space 68608K, 18% used [0x00000000c0000000,0x00000000c0c5e430,0x00000000c4300000)
 Metaspace       used 36768K, committed 37504K, reserved 1114112K
  class space    used 3734K, committed 4096K, reserved 1048576K
}

Dll operation events (10 events):
Event: 0.014 Loaded shared library c:\Users\Sahib\.vscode\extensions\redhat.java-1.28.1-win32-x64\jre\17.0.10-win32-x86_64\bin\java.dll
Event: 0.191 Loaded shared library c:\Users\Sahib\.vscode\extensions\redhat.java-1.28.1-win32-x64\jre\17.0.10-win32-x86_64\bin\zip.dll
Event: 0.195 Loaded shared library C:\Users\Sahib\.vscode\extensions\redhat.java-1.28.1-win32-x64\jre\17.0.10-win32-x86_64\bin\instrument.dll
Event: 0.209 Loaded shared library C:\Users\Sahib\.vscode\extensions\redhat.java-1.28.1-win32-x64\jre\17.0.10-win32-x86_64\bin\net.dll
Event: 0.211 Loaded shared library C:\Users\Sahib\.vscode\extensions\redhat.java-1.28.1-win32-x64\jre\17.0.10-win32-x86_64\bin\nio.dll
Event: 0.220 Loaded shared library C:\Users\Sahib\.vscode\extensions\redhat.java-1.28.1-win32-x64\jre\17.0.10-win32-x86_64\bin\zip.dll
Event: 0.236 Loaded shared library C:\Users\Sahib\.vscode\extensions\redhat.java-1.28.1-win32-x64\jre\17.0.10-win32-x86_64\bin\jimage.dll
Event: 0.298 Loaded shared library c:\Users\Sahib\.vscode\extensions\redhat.java-1.28.1-win32-x64\jre\17.0.10-win32-x86_64\bin\verify.dll
Event: 1.317 Loaded shared library C:\Users\Sahib\AppData\Roaming\Code\User\globalStorage\redhat.java\1.28.1\config_ss_win\org.eclipse.equinox.launcher\org.eclipse.equinox.launcher.win32.win32.x86_64_1.2.900.v20240129-1338\eclipse_11900.dll
Event: 3.506 Loaded shared library C:\Users\Sahib\AppData\Local\Temp\jna-79645267\jna3638716686528932445.dll

Deoptimization events (20 events):
Event: 4.206 Thread 0x0000020536708060 Uncommon trap: trap_request=0xffffffc6 fr.pc=0x00000205251c1984 relative=0x00000000000005e4
Event: 4.206 Thread 0x0000020536708060 Uncommon trap: reason=bimorphic_or_optimized_type_check action=maybe_recompile pc=0x00000205251c1984 method=jdk.internal.jimage.ImageReader$SharedImageReader.findNode(Ljava/lang/String;)Ljdk/internal/jimage/ImageReader$Node; @ 22 c2
Event: 4.206 Thread 0x0000020536708060 DEOPT PACKING pc=0x00000205251c1984 sp=0x00000021204fdb40
Event: 4.206 Thread 0x0000020536708060 DEOPT UNPACKING pc=0x00000205249466a3 sp=0x00000021204fdb18 mode 2
Event: 4.270 Thread 0x0000020536708060 Uncommon trap: trap_request=0xffffff6e fr.pc=0x00000205251cb220 relative=0x0000000000000200
Event: 4.270 Thread 0x0000020536708060 Uncommon trap: reason=loop_limit_check action=maybe_recompile pc=0x00000205251cb220 method=org.eclipse.jdt.internal.core.util.HashtableOfArrayToObject.hashCode([Ljava/lang/Object;I)I @ 27 c2
Event: 4.270 Thread 0x0000020536708060 DEOPT PACKING pc=0x00000205251cb220 sp=0x00000021204fdb00
Event: 4.270 Thread 0x0000020536708060 DEOPT UNPACKING pc=0x00000205249466a3 sp=0x00000021204fda88 mode 2
Event: 4.446 Thread 0x0000020536708060 Uncommon trap: trap_request=0xffffffbe fr.pc=0x00000205251ea8f8 relative=0x0000000000000638
Event: 4.446 Thread 0x0000020536708060 Uncommon trap: reason=profile_predicate action=maybe_recompile pc=0x00000205251ea8f8 method=org.eclipse.jdt.internal.core.util.HashtableOfArrayToObject.getKey([Ljava/lang/Object;I)[Ljava/lang/Object; @ 61 c2
Event: 4.446 Thread 0x0000020536708060 DEOPT PACKING pc=0x00000205251ea8f8 sp=0x00000021204fdd50
Event: 4.446 Thread 0x0000020536708060 DEOPT UNPACKING pc=0x00000205249466a3 sp=0x00000021204fdd00 mode 2
Event: 4.447 Thread 0x0000020536708060 Uncommon trap: trap_request=0xffffffbe fr.pc=0x00000205251ea8f8 relative=0x0000000000000638
Event: 4.447 Thread 0x0000020536708060 Uncommon trap: reason=profile_predicate action=maybe_recompile pc=0x00000205251ea8f8 method=org.eclipse.jdt.internal.core.util.HashtableOfArrayToObject.getKey([Ljava/lang/Object;I)[Ljava/lang/Object; @ 61 c2
Event: 4.447 Thread 0x0000020536708060 DEOPT PACKING pc=0x00000205251ea8f8 sp=0x00000021204fdd80
Event: 4.447 Thread 0x0000020536708060 DEOPT UNPACKING pc=0x00000205249466a3 sp=0x00000021204fdd30 mode 2
Event: 4.448 Thread 0x0000020536708060 Uncommon trap: trap_request=0xffffffbe fr.pc=0x00000205251ea8f8 relative=0x0000000000000638
Event: 4.448 Thread 0x0000020536708060 Uncommon trap: reason=profile_predicate action=maybe_recompile pc=0x00000205251ea8f8 method=org.eclipse.jdt.internal.core.util.HashtableOfArrayToObject.getKey([Ljava/lang/Object;I)[Ljava/lang/Object; @ 61 c2
Event: 4.448 Thread 0x0000020536708060 DEOPT PACKING pc=0x00000205251ea8f8 sp=0x00000021204fdd50
Event: 4.448 Thread 0x0000020536708060 DEOPT UNPACKING pc=0x00000205249466a3 sp=0x00000021204fdd00 mode 2

Classes unloaded (7 events):
Event: 2.065 Thread 0x000002052e5879a0 Unloading class 0x000000010021a400 'java/lang/invoke/LambdaForm$MH+0x000000010021a400'
Event: 2.065 Thread 0x000002052e5879a0 Unloading class 0x000000010021a000 'java/lang/invoke/LambdaForm$MH+0x000000010021a000'
Event: 2.065 Thread 0x000002052e5879a0 Unloading class 0x0000000100219c00 'java/lang/invoke/LambdaForm$MH+0x0000000100219c00'
Event: 2.065 Thread 0x000002052e5879a0 Unloading class 0x0000000100219800 'java/lang/invoke/LambdaForm$MH+0x0000000100219800'
Event: 2.065 Thread 0x000002052e5879a0 Unloading class 0x0000000100219400 'java/lang/invoke/LambdaForm$BMH+0x0000000100219400'
Event: 2.065 Thread 0x000002052e5879a0 Unloading class 0x0000000100219000 'java/lang/invoke/LambdaForm$DMH+0x0000000100219000'
Event: 2.066 Thread 0x000002052e5879a0 Unloading class 0x0000000100214400 'java/lang/invoke/LambdaForm$DMH+0x0000000100214400'

Classes redefined (0 events):
No events

Internal exceptions (20 events):
Event: 3.535 Thread 0x0000020536458060 Exception <a 'java/lang/UnsatisfiedLinkError'{0x00000000eae25af8}: The specified procedure could not be found.
> (0x00000000eae25af8) 
thrown [s\src\hotspot\share\prims\jni.cpp, line 535]
Event: 3.540 Thread 0x0000020536458060 Exception <a 'java/io/FileNotFoundException'{0x00000000eae4a6a0}> (0x00000000eae4a6a0) 
thrown [s\src\hotspot\share\prims\jni.cpp, line 516]
Event: 3.549 Thread 0x0000020536458060 Exception <a 'java/io/FileNotFoundException'{0x00000000eaec38f0}> (0x00000000eaec38f0) 
thrown [s\src\hotspot\share\prims\jni.cpp, line 516]
Event: 3.563 Thread 0x0000020536458060 Exception <a 'java/lang/UnsatisfiedLinkError'{0x00000000eaf52290}: The specified procedure could not be found.
> (0x00000000eaf52290) 
thrown [s\src\hotspot\share\prims\jni.cpp, line 535]
Event: 3.604 Thread 0x000002051a810fe0 Exception <a 'java/lang/NoSuchMethodError'{0x00000000eb124530}: 'java.lang.Object java.lang.invoke.DirectMethodHandle$Holder.invokeStatic(java.lang.Object, java.lang.Object, long, java.lang.Object)'> (0x00000000eb124530) 
thrown [s\src\hotspot\share\interpreter\linkResolver.cpp, line 759]
Event: 3.605 Thread 0x000002051a810fe0 Exception <a 'java/lang/NoSuchMethodError'{0x00000000eb128228}: 'java.lang.Object java.lang.invoke.DirectMethodHandle$Holder.invokeStaticInit(java.lang.Object, java.lang.Object, long, java.lang.Object)'> (0x00000000eb128228) 
thrown [s\src\hotspot\share\interpreter\linkResolver.cpp, line 759]
Event: 3.606 Thread 0x000002051a810fe0 Exception <a 'java/lang/NoSuchMethodError'{0x00000000eb12e838}: 'java.lang.Object java.lang.invoke.DirectMethodHandle$Holder.newInvokeSpecial(java.lang.Object, java.lang.Object, long)'> (0x00000000eb12e838) 
thrown [s\src\hotspot\share\interpreter\linkResolver.cpp, line 759]
Event: 3.682 Thread 0x000002051a810fe0 Exception <a 'java/lang/NoSuchMethodError'{0x00000000eb300ca0}: 'void java.lang.invoke.DirectMethodHandle$Holder.invokeStatic(java.lang.Object, java.lang.Object, java.lang.Object, java.lang.Object)'> (0x00000000eb300ca0) 
thrown [s\src\hotspot\share\interpreter\linkResolver.cpp, line 759]
Event: 3.836 Thread 0x000002051a810fe0 Exception <a 'java/lang/NoSuchMethodError'{0x00000000ebb60c78}: 'void java.lang.invoke.DirectMethodHandle$Holder.invokeSpecial(java.lang.Object, java.lang.Object, java.lang.Object, java.lang.Object, java.lang.Object, java.lang.Object)'> (0x00000000ebb60c78) 
thrown [s\src\hotspot\share\interpreter\linkResolver.cpp, line 759]
Event: 3.841 Thread 0x000002051a810fe0 Exception <a 'java/lang/IncompatibleClassChangeError'{0x00000000ebb6a9f8}: Found class java.lang.Object, but interface was expected> (0x00000000ebb6a9f8) 
thrown [s\src\hotspot\share\interpreter\linkResolver.cpp, line 826]
Event: 3.983 Thread 0x0000020536708a80 Exception <a 'java/io/FileNotFoundException'{0x00000000ec18a1d0}> (0x00000000ec18a1d0) 
thrown [s\src\hotspot\share\prims\jni.cpp, line 516]
Event: 4.047 Thread 0x0000020536708a80 Exception <a 'sun/nio/fs/WindowsException'{0x00000000eab10260}> (0x00000000eab10260) 
thrown [s\src\hotspot\share\prims\jni.cpp, line 516]
Event: 4.051 Thread 0x000002053670a3d0 Exception <a 'java/io/FileNotFoundException'{0x00000000eab47798}> (0x00000000eab47798) 
thrown [s\src\hotspot\share\prims\jni.cpp, line 516]
Event: 4.051 Thread 0x000002053670a3d0 Exception <a 'java/io/FileNotFoundException'{0x00000000eab48790}> (0x00000000eab48790) 
thrown [s\src\hotspot\share\prims\jni.cpp, line 516]
Event: 4.052 Thread 0x000002053670a3d0 Exception <a 'java/io/FileNotFoundException'{0x00000000eab49500}> (0x00000000eab49500) 
thrown [s\src\hotspot\share\prims\jni.cpp, line 516]
Event: 4.103 Thread 0x0000020536708a80 Exception <a 'java/lang/NoSuchMethodError'{0x00000000eaf84090}: 'int java.lang.invoke.DirectMethodHandle$Holder.invokeVirtual(java.lang.Object, java.lang.Object)'> (0x00000000eaf84090) 
thrown [s\src\hotspot\share\interpreter\linkResolver.cpp, line 759]
Event: 4.105 Thread 0x0000020536708060 Exception <a 'java/lang/NoSuchMethodError'{0x00000000eafa9f78}: 'java.lang.Object java.lang.invoke.Invokers$Holder.invoke_MT(java.lang.Object, java.lang.Object, java.lang.Object)'> (0x00000000eafa9f78) 
thrown [s\src\hotspot\share\interpreter\linkResolver.cpp, line 759]
Event: 4.293 Thread 0x0000020536708060 Exception <a 'java/io/FileNotFoundException'{0x00000000eaf3db00}> (0x00000000eaf3db00) 
thrown [s\src\hotspot\share\prims\jni.cpp, line 516]
Event: 4.294 Thread 0x0000020536708060 Exception <a 'java/io/FileNotFoundException'{0x00000000eaf3f038}> (0x00000000eaf3f038) 
thrown [s\src\hotspot\share\prims\jni.cpp, line 516]
Event: 4.295 Thread 0x0000020536708060 Exception <a 'java/lang/NoSuchMethodError'{0x00000000eaf508c0}: 'void java.lang.invoke.DirectMethodHandle$Holder.invokeStaticInit(java.lang.Object, java.lang.Object, java.lang.Object)'> (0x00000000eaf508c0) 
thrown [s\src\hotspot\share\interpreter\linkResolver.cpp, line 759]

VM Operations (20 events):
Event: 3.522 Executing VM operation: HandshakeAllThreads
Event: 3.522 Executing VM operation: HandshakeAllThreads done
Event: 3.888 Executing VM operation: HandshakeAllThreads
Event: 3.888 Executing VM operation: HandshakeAllThreads done
Event: 3.974 Executing VM operation: HandshakeAllThreads
Event: 3.975 Executing VM operation: HandshakeAllThreads done
Event: 3.993 Executing VM operation: ParallelGCFailedAllocation
Event: 3.996 Executing VM operation: ParallelGCFailedAllocation done
Event: 4.015 Executing VM operation: CollectForMetadataAllocation
Event: 4.044 Executing VM operation: CollectForMetadataAllocation done
Event: 4.085 Executing VM operation: HandshakeAllThreads
Event: 4.085 Executing VM operation: HandshakeAllThreads done
Event: 4.119 Executing VM operation: HandshakeAllThreads
Event: 4.119 Executing VM operation: HandshakeAllThreads done
Event: 4.120 Executing VM operation: HandshakeAllThreads
Event: 4.120 Executing VM operation: HandshakeAllThreads done
Event: 4.156 Executing VM operation: HandshakeAllThreads
Event: 4.156 Executing VM operation: HandshakeAllThreads done
Event: 4.267 Executing VM operation: ParallelGCFailedAllocation
Event: 4.269 Executing VM operation: ParallelGCFailedAllocation done

Events (20 events):
Event: 4.153 loading class java/nio/file/FileTreeWalker$EventType
Event: 4.153 loading class java/nio/file/FileTreeWalker$EventType done
Event: 4.153 loading class java/nio/file/Files$3
Event: 4.153 loading class java/nio/file/Files$3 done
Event: 4.153 loading class java/nio/file/FileVisitResult
Event: 4.153 loading class java/nio/file/FileVisitResult done
Event: 4.190 loading class java/util/regex/Pattern$BackRef
Event: 4.191 loading class java/util/regex/Pattern$BackRef done
Event: 4.228 loading class java/nio/channels/Channels$ReadableByteChannelImpl
Event: 4.229 loading class java/nio/channels/Channels$ReadableByteChannelImpl done
Event: 4.229 loading class java/nio/channels/NonWritableChannelException
Event: 4.229 loading class java/nio/channels/NonWritableChannelException done
Event: 4.229 loading class sun/nio/ch/ChannelInputStream
Event: 4.229 loading class sun/nio/ch/ChannelInputStream done
Event: 4.259 Thread 0x00000205378b0cb0 Thread added: 0x00000205378b0cb0
Event: 4.269 Thread 0x0000020537866ed0 Thread added: 0x0000020537866ed0
Event: 4.281 Thread 0x0000020537867800 Thread added: 0x0000020537867800
Event: 4.334 Thread 0x00000205378d2a40 Thread added: 0x00000205378d2a40
Event: 4.335 Thread 0x0000020537953030 Thread added: 0x0000020537953030
Event: 4.335 Thread 0x0000020537953550 Thread added: 0x0000020537953550


Dynamic libraries:
0x00007ff66ae80000 - 0x00007ff66ae8e000 	c:\Users\Sahib\.vscode\extensions\redhat.java-1.28.1-win32-x64\jre\17.0.10-win32-x86_64\bin\java.exe
0x00007fffd3e90000 - 0x00007fffd40a7000 	C:\WINDOWS\SYSTEM32\ntdll.dll
0x00007fffd2a20000 - 0x00007fffd2ae4000 	C:\WINDOWS\System32\KERNEL32.DLL
0x00007fffd1710000 - 0x00007fffd1ab6000 	C:\WINDOWS\System32\KERNELBASE.dll
0x00007fffd1270000 - 0x00007fffd1381000 	C:\WINDOWS\System32\ucrtbase.dll
0x00007fff786e0000 - 0x00007fff786fb000 	c:\Users\Sahib\.vscode\extensions\redhat.java-1.28.1-win32-x64\jre\17.0.10-win32-x86_64\bin\VCRUNTIME140.dll
0x00007fff7fb20000 - 0x00007fff7fb37000 	c:\Users\Sahib\.vscode\extensions\redhat.java-1.28.1-win32-x64\jre\17.0.10-win32-x86_64\bin\jli.dll
0x00007fffd2610000 - 0x00007fffd27be000 	C:\WINDOWS\System32\USER32.dll
0x00007fffa9c80000 - 0x00007fffa9f13000 	C:\WINDOWS\WinSxS\amd64_microsoft.windows.common-controls_6595b64144ccf1df_6.0.22621.2506_none_270c5ae97388e100\COMCTL32.dll
0x00007fffd1640000 - 0x00007fffd1666000 	C:\WINDOWS\System32\win32u.dll
0x00007fffd1c90000 - 0x00007fffd1cb9000 	C:\WINDOWS\System32\GDI32.dll
0x00007fffd35d0000 - 0x00007fffd3677000 	C:\WINDOWS\System32\msvcrt.dll
0x00007fffd1ac0000 - 0x00007fffd1bd8000 	C:\WINDOWS\System32\gdi32full.dll
0x00007fffd11d0000 - 0x00007fffd126a000 	C:\WINDOWS\System32\msvcp_win.dll
0x00007fffd1c50000 - 0x00007fffd1c81000 	C:\WINDOWS\System32\IMM32.DLL
0x00007fffa34b0000 - 0x00007fffa34bc000 	c:\Users\Sahib\.vscode\extensions\redhat.java-1.28.1-win32-x64\jre\17.0.10-win32-x86_64\bin\vcruntime140_1.dll
0x00007fff56b40000 - 0x00007fff56bcd000 	c:\Users\Sahib\.vscode\extensions\redhat.java-1.28.1-win32-x64\jre\17.0.10-win32-x86_64\bin\msvcp140.dll
0x00007fff51ab0000 - 0x00007fff52712000 	c:\Users\Sahib\.vscode\extensions\redhat.java-1.28.1-win32-x64\jre\17.0.10-win32-x86_64\bin\server\jvm.dll
0x00007fffd3c90000 - 0x00007fffd3d43000 	C:\WINDOWS\System32\ADVAPI32.dll
0x00007fffd3680000 - 0x00007fffd3728000 	C:\WINDOWS\System32\sechost.dll
0x00007fffd1670000 - 0x00007fffd1698000 	C:\WINDOWS\System32\bcrypt.dll
0x00007fffd3ac0000 - 0x00007fffd3bd7000 	C:\WINDOWS\System32\RPCRT4.dll
0x00007fffb24d0000 - 0x00007fffb24d9000 	C:\WINDOWS\SYSTEM32\WSOCK32.dll
0x00007fffc76b0000 - 0x00007fffc76e4000 	C:\WINDOWS\SYSTEM32\WINMM.dll
0x00007fffd0020000 - 0x00007fffd006d000 	C:\WINDOWS\SYSTEM32\POWRPROF.dll
0x00007fffd3be0000 - 0x00007fffd3c51000 	C:\WINDOWS\System32\WS2_32.dll
0x00007fffc76f0000 - 0x00007fffc76fa000 	C:\WINDOWS\SYSTEM32\VERSION.dll
0x00007fffd0000000 - 0x00007fffd0013000 	C:\WINDOWS\SYSTEM32\UMPDC.dll
0x00007fffd02c0000 - 0x00007fffd02d8000 	C:\WINDOWS\SYSTEM32\kernel.appcore.dll
0x00007fffa2d80000 - 0x00007fffa2d8a000 	c:\Users\Sahib\.vscode\extensions\redhat.java-1.28.1-win32-x64\jre\17.0.10-win32-x86_64\bin\jimage.dll
0x00007fffce580000 - 0x00007fffce7b3000 	C:\WINDOWS\SYSTEM32\DBGHELP.DLL
0x00007fffd3730000 - 0x00007fffd3ab9000 	C:\WINDOWS\System32\combase.dll
0x00007fffd2b70000 - 0x00007fffd2c47000 	C:\WINDOWS\System32\OLEAUT32.dll
0x00007fffc1d90000 - 0x00007fffc1dc2000 	C:\WINDOWS\SYSTEM32\dbgcore.DLL
0x00007fffd1500000 - 0x00007fffd157a000 	C:\WINDOWS\System32\bcryptPrimitives.dll
0x00007fffa2d30000 - 0x00007fffa2d3e000 	c:\Users\Sahib\.vscode\extensions\redhat.java-1.28.1-win32-x64\jre\17.0.10-win32-x86_64\bin\instrument.dll
0x00007fff786b0000 - 0x00007fff786d5000 	c:\Users\Sahib\.vscode\extensions\redhat.java-1.28.1-win32-x64\jre\17.0.10-win32-x86_64\bin\java.dll
0x00007fff78690000 - 0x00007fff786a8000 	c:\Users\Sahib\.vscode\extensions\redhat.java-1.28.1-win32-x64\jre\17.0.10-win32-x86_64\bin\zip.dll
0x00007fffd1db0000 - 0x00007fffd260b000 	C:\WINDOWS\System32\SHELL32.dll
0x00007fffcf0f0000 - 0x00007fffcf9e6000 	C:\WINDOWS\SYSTEM32\windows.storage.dll
0x00007fffcefb0000 - 0x00007fffcf0ee000 	C:\WINDOWS\SYSTEM32\wintypes.dll
0x00007fffd2c50000 - 0x00007fffd2d43000 	C:\WINDOWS\System32\SHCORE.dll
0x00007fffd1be0000 - 0x00007fffd1c3e000 	C:\WINDOWS\System32\shlwapi.dll
0x00007fffd1100000 - 0x00007fffd1126000 	C:\WINDOWS\SYSTEM32\profapi.dll
0x00007fff787a0000 - 0x00007fff787b9000 	C:\Users\Sahib\.vscode\extensions\redhat.java-1.28.1-win32-x64\jre\17.0.10-win32-x86_64\bin\net.dll
0x00007fffca310000 - 0x00007fffca447000 	C:\WINDOWS\SYSTEM32\WINHTTP.dll
0x00007fffd0730000 - 0x00007fffd0799000 	C:\WINDOWS\system32\mswsock.dll
0x00007fff78540000 - 0x00007fff78556000 	C:\Users\Sahib\.vscode\extensions\redhat.java-1.28.1-win32-x64\jre\17.0.10-win32-x86_64\bin\nio.dll
0x00007fffa2b20000 - 0x00007fffa2b30000 	c:\Users\Sahib\.vscode\extensions\redhat.java-1.28.1-win32-x64\jre\17.0.10-win32-x86_64\bin\verify.dll
0x00007fffa4320000 - 0x00007fffa435e000 	C:\Users\Sahib\AppData\Roaming\Code\User\globalStorage\redhat.java\1.28.1\config_ss_win\org.eclipse.equinox.launcher\org.eclipse.equinox.launcher.win32.win32.x86_64_1.2.900.v20240129-1338\eclipse_11900.dll
0x00007fffd2d60000 - 0x00007fffd2f00000 	C:\WINDOWS\System32\ole32.dll
0x00007fffd0a80000 - 0x00007fffd0a9b000 	C:\WINDOWS\SYSTEM32\CRYPTSP.dll
0x00007fffd0220000 - 0x00007fffd0255000 	C:\WINDOWS\system32\rsaenh.dll
0x00007fffd07d0000 - 0x00007fffd07fc000 	C:\WINDOWS\SYSTEM32\USERENV.dll
0x00007fffd0a60000 - 0x00007fffd0a6c000 	C:\WINDOWS\SYSTEM32\CRYPTBASE.dll
0x00007fffcfcc0000 - 0x00007fffcfced000 	C:\WINDOWS\SYSTEM32\IPHLPAPI.DLL
0x00007fffd2f00000 - 0x00007fffd2f09000 	C:\WINDOWS\System32\NSI.dll
0x00007fffcb700000 - 0x00007fffcb719000 	C:\WINDOWS\SYSTEM32\dhcpcsvc6.DLL
0x00007fffc9b20000 - 0x00007fffc9b3f000 	C:\WINDOWS\SYSTEM32\dhcpcsvc.DLL
0x00007fffcfcf0000 - 0x00007fffcfde9000 	C:\WINDOWS\SYSTEM32\DNSAPI.dll
0x00007fff7c060000 - 0x00007fff7c0a5000 	C:\Users\Sahib\AppData\Local\Temp\jna-79645267\jna3638716686528932445.dll
0x00007fffd3c80000 - 0x00007fffd3c88000 	C:\WINDOWS\System32\PSAPI.DLL

dbghelp: loaded successfully - version: 4.0.5 - missing functions: none
symbol engine: initialized successfully - sym options: 0x614 - pdb path: .;c:\Users\Sahib\.vscode\extensions\redhat.java-1.28.1-win32-x64\jre\17.0.10-win32-x86_64\bin;C:\WINDOWS\SYSTEM32;C:\WINDOWS\WinSxS\amd64_microsoft.windows.common-controls_6595b64144ccf1df_6.0.22621.2506_none_270c5ae97388e100;c:\Users\Sahib\.vscode\extensions\redhat.java-1.28.1-win32-x64\jre\17.0.10-win32-x86_64\bin\server;C:\Users\Sahib\AppData\Roaming\Code\User\globalStorage\redhat.java\1.28.1\config_ss_win\org.eclipse.equinox.launcher\org.eclipse.equinox.launcher.win32.win32.x86_64_1.2.900.v20240129-1338;C:\Users\Sahib\AppData\Local\Temp\jna-79645267

VM Arguments:
jvm_args: --add-modules=ALL-SYSTEM --add-opens=java.base/java.util=ALL-UNNAMED --add-opens=java.base/java.lang=ALL-UNNAMED --add-opens=java.base/sun.nio.fs=ALL-UNNAMED -Declipse.application=org.eclipse.jdt.ls.core.id1 -Dosgi.bundles.defaultStartLevel=4 -Declipse.product=org.eclipse.jdt.ls.core.product -Djava.import.generatesMetadataFilesAtProjectRoot=false -DDetectVMInstallationsJob.disabled=true -Dfile.encoding=utf8 -XX:+UseParallelGC -XX:GCTimeRatio=4 -XX:AdaptiveSizePolicyWeight=90 -Dsun.zip.disableMemoryMapping=true -Xmx1G -Xms100m -Xlog:disable -javaagent:c:\Users\Sahib\.vscode\extensions\redhat.java-1.28.1-win32-x64\lombok\lombok-1.18.31.jar 
java_command: c:\Users\Sahib\.vscode\extensions\redhat.java-1.28.1-win32-x64\server\plugins\org.eclipse.equinox.launcher_1.6.700.v20231214-2017.jar -configuration c:\Users\Sahib\AppData\Roaming\Code\User\globalStorage\redhat.java\1.28.1\config_ss_win -data c:\Users\Sahib\AppData\Roaming\Code\User\workspaceStorage\6aa05c6369ba513e8d09f27d28089817\redhat.java\ss_ws --stdio
java_class_path (initial): c:\Users\Sahib\.vscode\extensions\redhat.java-1.28.1-win32-x64\server\plugins\org.eclipse.equinox.launcher_1.6.700.v20231214-2017.jar
Launcher Type: SUN_STANDARD

[Global flags]
    uintx AdaptiveSizePolicyWeight                 = 90                                        {product} {command line}
     intx CICompilerCount                          = 12                                        {product} {ergonomic}
    uintx GCTimeRatio                              = 4                                         {product} {command line}
   size_t InitialHeapSize                          = 104857600                                 {product} {command line}
   size_t MaxHeapSize                              = 1073741824                                {product} {command line}
   size_t MaxNewSize                               = 357564416                                 {product} {ergonomic}
   size_t MinHeapDeltaBytes                        = 524288                                    {product} {ergonomic}
   size_t MinHeapSize                              = 104857600                                 {product} {command line}
   size_t NewSize                                  = 34603008                                  {product} {ergonomic}
    uintx NonNMethodCodeHeapSize                   = 7602480                                {pd product} {ergonomic}
    uintx NonProfiledCodeHeapSize                  = 122027880                              {pd product} {ergonomic}
   size_t OldSize                                  = 70254592                                  {product} {ergonomic}
    uintx ProfiledCodeHeapSize                     = 122027880                              {pd product} {ergonomic}
    uintx ReservedCodeCacheSize                    = 251658240                              {pd product} {ergonomic}
     bool SegmentedCodeCache                       = true                                      {product} {ergonomic}
   size_t SoftMaxHeapSize                          = 1073741824                             {manageable} {ergonomic}
     bool UseCompressedClassPointers               = true                           {product lp64_product} {ergonomic}
     bool UseCompressedOops                        = true                           {product lp64_product} {ergonomic}
     bool UseLargePagesIndividualAllocation        = false                                  {pd product} {ergonomic}
     bool UseParallelGC                            = true                                      {product} {command line}

Logging:
Log output configuration:
 #0: stdout all=off uptime,level,tags
 #1: stderr all=off uptime,level,tags

Environment Variables:
JAVA_HOME=C:\Program Files\Eclipse Adoptium\jdk-17.0.9.9-hotspot
PATH=C:\app\Sahib\product\21c\dbhomeXE\bin;C:\Program Files\Eclipse Adoptium\jdk-17.0.9.9-hotspot\bin;C:\Program Files (x86)\VMware\VMware Workstation\bin\;C:\WINDOWS\system32;C:\WINDOWS;C:\WINDOWS\System32\Wbem;C:\WINDOWS\System32\WindowsPowerShell\v1.0\;C:\WINDOWS\System32\OpenSSH\;C:\Program Files\mingw64\bin;C:\platform-tools;C:\ProgramData\chocolatey\bin;C:\Program Files\dotnet\;C:\Program Files\Azure Data Studio\bin;C:\Users\Sahib\AppData\Local\Programs\Python\Python311;C:\dart-sass;C:\Program Files\Git\cmd;C:\Program Files\Vim\vim91;C:\Program Files\PowerShell\7\;C:\Program Files\Calibre2\;C:\Program Files\nodejs\;C:\Users\Sahib\AppData\Local\Android\Sdk\tools;C:\Users\Sahib\AppData\Local\Android\Sdk\tools;C:\Users\Sahib\AppData\Local\pnpm;C:\Users\Sahib\AppData\Local\Programs\Python\Launcher\;C:\Program Files\MySQL\MySQL Shell 8.2\bin\;C:\Program Files\MySQL\MySQL Shell 8.0\bin\;C:\Users\Sahib\AppData\Local\Microsoft\WindowsApps;C:\Users\Sahib\AppData\Local\Programs\Microsoft VS Code\bin;C:\Exercism;C:\Users\Sahib\AppData\Local\JetBrains\Toolbox\scripts;C:\Users\Sahib\.dotnet\tools;C:\Users\Sahib\AppData\Local\Programs\oh-my-posh\bin;C:\Users\Sahib\AppData\Local\Microsoft\WinGet\Links;C:\Users\Sahib\AppData\Local\Android\Sdk\platform-tools;C:\Users\Sahib\AppData\Local\Android\Sdk\cmdline-tools\latest\bin;C:\Program Files\Neovim\bin;C:\Users\Sahib\AppData\Roaming\npm
USERNAME=Sahib
OS=Windows_NT
PROCESSOR_IDENTIFIER=AMD64 Family 25 Model 68 Stepping 1, AuthenticAMD
TMP=C:\Users\Sahib\AppData\Local\Temp
TEMP=C:\Users\Sahib\AppData\Local\Temp



Periodic native trim disabled


---------------  S Y S T E M  ---------------

OS:
 Windows 11 , 64 bit Build 22621 (10.0.22621.3085)
OS uptime: 1 days 10:49 hours
Hyper-V role detected

CPU: total 16 (initial active 16) (16 cores per cpu, 2 threads per core) family 25 model 68 stepping 1 microcode 0x0, cx8, cmov, fxsr, ht, mmx, 3dnowpref, sse, sse2, sse3, ssse3, sse4a, sse4.1, sse4.2, popcnt, lzcnt, tsc, tscinvbit, avx, avx2, aes, erms, clmul, bmi1, bmi2, adx, sha, fma, vzeroupper, clflush, clflushopt, hv
Processor Information for all 16 processors :
  Max Mhz: 2701, Current Mhz: 2701, Mhz Limit: 2701

Memory: 4k page, system-wide physical 31502M (3383M free)
TotalPageFile size 44843M (AvailPageFile size 5M)
current process WorkingSet (physical memory assigned to process): 180M, peak: 182M
current process commit charge ("private bytes"): 293M, peak: 294M

vm_info: OpenJDK 64-Bit Server VM (17.0.10+7) for windows-amd64 JRE (17.0.10+7), built on Jan 16 2024 23:25:11 by "admin" with MS VC++ 16.10 / 16.11 (VS2019)

END.
