#
# There is insufficient memory for the Java Runtime Environment to continue.
# Native memory allocation (malloc) failed to allocate 790608 bytes for Chunk::new
# Possible reasons:
#   The system is out of physical RAM or swap space
#   The process is running with CompressedOops enabled, and the Java Heap may be blocking the growth of the native heap
# Possible solutions:
#   Reduce memory load on the system
#   Increase physical memory or swap space
#   Check if swap backing store is full
#   Decrease Java heap size (-Xmx/-Xms)
#   Decrease number of Java threads
#   Decrease Java thread stack sizes (-Xss)
#   Set larger code cache with -XX:ReservedCodeCacheSize=
#   JVM is running with Unscaled Compressed Oops mode in which the Java heap is
#     placed in the first 4GB address space. The Java Heap base address is the
#     maximum limit for the native heap growth. Please use -XX:HeapBaseMinAddress
#     to set the Java Heap base and to place the Java Heap above 4GB virtual address.
# This output file may be truncated or incomplete.
#
#  Out of Memory Error (arena.cpp:191), pid=16484, tid=9476
#
# JRE version: OpenJDK Runtime Environment Temurin-17.0.10+7 (17.0.10+7) (build 17.0.10+7)
# Java VM: OpenJDK 64-Bit Server VM Temurin-17.0.10+7 (17.0.10+7, mixed mode, tiered, compressed oops, compressed class ptrs, parallel gc, windows-amd64)
# No core dump will be written. Minidumps are not enabled by default on client versions of Windows
#

---------------  S U M M A R Y ------------

Command Line: --add-modules=ALL-SYSTEM --add-opens=java.base/java.util=ALL-UNNAMED --add-opens=java.base/java.lang=ALL-UNNAMED --add-opens=java.base/sun.nio.fs=ALL-UNNAMED -Declipse.application=org.eclipse.jdt.ls.core.id1 -Dosgi.bundles.defaultStartLevel=4 -Declipse.product=org.eclipse.jdt.ls.core.product -Djava.import.generatesMetadataFilesAtProjectRoot=false -DDetectVMInstallationsJob.disabled=true -Dfile.encoding=utf8 -XX:+UseParallelGC -XX:GCTimeRatio=4 -XX:AdaptiveSizePolicyWeight=90 -Dsun.zip.disableMemoryMapping=true -Xmx1G -Xms100m -Xlog:disable -javaagent:c:\Users\Sahib\.vscode\extensions\redhat.java-1.28.1-win32-x64\lombok\lombok-1.18.31.jar -XX:+HeapDumpOnOutOfMemoryError -XX:HeapDumpPath=c:\Users\Sahib\AppData\Roaming\Code\User\workspaceStorage\6aa05c6369ba513e8d09f27d28089817\redhat.java -Daether.dependencyCollector.impl=bf c:\Users\Sahib\.vscode\extensions\redhat.java-1.28.1-win32-x64\server\plugins\org.eclipse.equinox.launcher_1.6.700.v20231214-2017.jar -configuration c:\Users\Sahib\AppData\Roaming\Code\User\globalStorage\redhat.java\1.28.1\config_win -data c:\Users\Sahib\AppData\Roaming\Code\User\workspaceStorage\6aa05c6369ba513e8d09f27d28089817\redhat.java\jdt_ws --stdio

Host: AMD Ryzen 7 PRO 6850U with Radeon Graphics     , 16 cores, 30G,  Windows 11 , 64 bit Build 22621 (10.0.22621.3085)
Time: Fri Mar  1 20:00:25 2024 Mountain Standard Time elapsed time: 4.252248 seconds (0d 0h 0m 4s)

---------------  T H R E A D  ---------------

Current thread (0x000002206bba8160):  JavaThread "C2 CompilerThread1" daemon [_thread_in_native, id=9476, stack(0x000000a1a6900000,0x000000a1a6a00000)]


Current CompileTask:
C2:   4252 4144       4       org.eclipse.osgi.internal.serviceregistry.ServiceRegistry::notifyHooksPrivileged (58 bytes)

Stack: [0x000000a1a6900000,0x000000a1a6a00000]
Native frames: (J=compiled Java code, j=interpreted, Vv=VM code, C=native code)
V  [jvm.dll+0x67d2c9]
V  [jvm.dll+0x834afa]
V  [jvm.dll+0x8365be]
V  [jvm.dll+0x836c23]
V  [jvm.dll+0x2477ff]
V  [jvm.dll+0xac514]
V  [jvm.dll+0xacb5c]
V  [jvm.dll+0x3667d7]
V  [jvm.dll+0x330bfa]
V  [jvm.dll+0x33009a]
V  [jvm.dll+0x219ef1]
V  [jvm.dll+0x219311]
V  [jvm.dll+0x1a502d]
V  [jvm.dll+0x2290de]
V  [jvm.dll+0x2272ac]
V  [jvm.dll+0x7e9bb7]
V  [jvm.dll+0x7e3fba]
V  [jvm.dll+0x67c1b5]
C  [ucrtbase.dll+0x29363]
C  [KERNEL32.DLL+0x1257d]
C  [ntdll.dll+0x5aa58]


---------------  P R O C E S S  ---------------

Threads class SMR info:
_java_thread_list=0x00000220710cddc0, length=30, elements={
0x000002205275ffc0, 0x000002206b95b030, 0x000002206b95c560, 0x000002206b9a7f40,
0x000002206b9a8dc0, 0x000002206b9adcf0, 0x000002206b9b3620, 0x000002206b9bd080,
0x000002206b9b6ba0, 0x000002206b9b7d80, 0x000002206b9b0380, 0x000002206bb40a70,
0x000002206bb413a0, 0x000002206bb5f430, 0x000002206bba8160, 0x000002206b9b21e0,
0x000002206b9b3110, 0x000002206b9b26f0, 0x000002206b9b12b0, 0x000002206b9afe70,
0x000002206b9b0890, 0x000002206b9b1cd0, 0x000002206b9b17c0, 0x000002206eca1ec0,
0x000002206eca4740, 0x000002206eca23d0, 0x000002206eca5670, 0x000002206ec3a740,
0x000002206eca3300, 0x000002206eca6090
}

Java Threads: ( => current thread )
  0x000002205275ffc0 JavaThread "main" [_thread_blocked, id=26956, stack(0x000000a1a5900000,0x000000a1a5a00000)]
  0x000002206b95b030 JavaThread "Reference Handler" daemon [_thread_blocked, id=18724, stack(0x000000a1a5c00000,0x000000a1a5d00000)]
  0x000002206b95c560 JavaThread "Finalizer" daemon [_thread_blocked, id=15884, stack(0x000000a1a5d00000,0x000000a1a5e00000)]
  0x000002206b9a7f40 JavaThread "Signal Dispatcher" daemon [_thread_blocked, id=21724, stack(0x000000a1a5e00000,0x000000a1a5f00000)]
  0x000002206b9a8dc0 JavaThread "Attach Listener" daemon [_thread_blocked, id=26308, stack(0x000000a1a5f00000,0x000000a1a6000000)]
  0x000002206b9adcf0 JavaThread "Service Thread" daemon [_thread_blocked, id=23760, stack(0x000000a1a6000000,0x000000a1a6100000)]
  0x000002206b9b3620 JavaThread "Monitor Deflation Thread" daemon [_thread_blocked, id=4348, stack(0x000000a1a6100000,0x000000a1a6200000)]
  0x000002206b9bd080 JavaThread "C2 CompilerThread0" daemon [_thread_in_vm, id=24388, stack(0x000000a1a6200000,0x000000a1a6300000)]
  0x000002206b9b6ba0 JavaThread "C1 CompilerThread0" daemon [_thread_blocked, id=16764, stack(0x000000a1a6300000,0x000000a1a6400000)]
  0x000002206b9b7d80 JavaThread "Sweeper thread" daemon [_thread_blocked, id=6988, stack(0x000000a1a6400000,0x000000a1a6500000)]
  0x000002206b9b0380 JavaThread "Common-Cleaner" daemon [_thread_blocked, id=2100, stack(0x000000a1a6500000,0x000000a1a6600000)]
  0x000002206bb40a70 JavaThread "C1 CompilerThread1" daemon [_thread_blocked, id=27488, stack(0x000000a1a6600000,0x000000a1a6700000)]
  0x000002206bb413a0 JavaThread "C1 CompilerThread2" daemon [_thread_blocked, id=22632, stack(0x000000a1a6700000,0x000000a1a6800000)]
  0x000002206bb5f430 JavaThread "C1 CompilerThread3" daemon [_thread_blocked, id=14056, stack(0x000000a1a6800000,0x000000a1a6900000)]
=>0x000002206bba8160 JavaThread "C2 CompilerThread1" daemon [_thread_in_native, id=9476, stack(0x000000a1a6900000,0x000000a1a6a00000)]
  0x000002206b9b21e0 JavaThread "Notification Thread" daemon [_thread_blocked, id=25052, stack(0x000000a1a6a00000,0x000000a1a6b00000)]
  0x000002206b9b3110 JavaThread "Active Thread: Equinox Container: 05c754b9-fc81-4f88-bfb2-3e3a9033544d" [_thread_blocked, id=20232, stack(0x000000a1a7300000,0x000000a1a7400000)]
  0x000002206b9b26f0 JavaThread "Framework Event Dispatcher: Equinox Container: 05c754b9-fc81-4f88-bfb2-3e3a9033544d" daemon [_thread_blocked, id=24644, stack(0x000000a1a7400000,0x000000a1a7500000)]
  0x000002206b9b12b0 JavaThread "Start Level: Equinox Container: 05c754b9-fc81-4f88-bfb2-3e3a9033544d" daemon [_thread_in_vm, id=12548, stack(0x000000a1a7500000,0x000000a1a7600000)]
  0x000002206b9afe70 JavaThread "Bundle File Closer" daemon [_thread_blocked, id=11956, stack(0x000000a1a7800000,0x000000a1a7900000)]
  0x000002206b9b0890 JavaThread "SCR Component Actor" daemon [_thread_blocked, id=23444, stack(0x000000a1a7a00000,0x000000a1a7b00000)]
  0x000002206b9b1cd0 JavaThread "SCR Component Registry" daemon [_thread_blocked, id=21960, stack(0x000000a1a7b00000,0x000000a1a7c00000)]
  0x000002206b9b17c0 JavaThread "Worker-JM" [_thread_blocked, id=26664, stack(0x000000a1a6c00000,0x000000a1a6d00000)]
  0x000002206eca1ec0 JavaThread "Worker-0: Updating Maven Dependencies" [_thread_blocked, id=23308, stack(0x000000a1a8000000,0x000000a1a8100000)]
  0x000002206eca4740 JavaThread "Worker-1: Repository registry initialization" [_thread_in_Java, id=19328, stack(0x000000a1a7f00000,0x000000a1a8000000)]
  0x000002206eca23d0 JavaThread "Java indexing" daemon [_thread_blocked, id=19296, stack(0x000000a1a8200000,0x000000a1a8300000)]
  0x000002206eca5670 JavaThread "Worker-2" [_thread_blocked, id=13556, stack(0x000000a1a8300000,0x000000a1a8400000)]
  0x000002206ec3a740 JavaThread "C2 CompilerThread2" daemon [_thread_in_native, id=6884, stack(0x000000a1a7e00000,0x000000a1a7f00000)]
  0x000002206eca3300 JavaThread "JNA Cleaner" daemon [_thread_blocked, id=9532, stack(0x000000a1a8400000,0x000000a1a8500000)]
  0x000002206eca6090 JavaThread "Worker-3" [_thread_blocked, id=16452, stack(0x000000a1a8700000,0x000000a1a8800000)]

Other Threads:
  0x000002205280ece0 VMThread "VM Thread" [stack: 0x000000a1a5b00000,0x000000a1a5c00000] [id=8416]
  0x000002206d8ec830 WatcherThread [stack: 0x000000a1a6b00000,0x000000a1a6c00000] [id=18112]
  0x0000022052775530 GCTaskThread "GC Thread#0" [stack: 0x000000a1a5a00000,0x000000a1a5b00000] [id=25364]
  0x000002206ddbb2b0 GCTaskThread "GC Thread#1" [stack: 0x000000a1a6e00000,0x000000a1a6f00000] [id=26628]
  0x000002206e2b4030 GCTaskThread "GC Thread#2" [stack: 0x000000a1a6f00000,0x000000a1a7000000] [id=16324]
  0x000002206e2b42f0 GCTaskThread "GC Thread#3" [stack: 0x000000a1a7000000,0x000000a1a7100000] [id=2236]
  0x000002206e2b45b0 GCTaskThread "GC Thread#4" [stack: 0x000000a1a7100000,0x000000a1a7200000] [id=9088]
  0x000002206e2b5080 GCTaskThread "GC Thread#5" [stack: 0x000000a1a7200000,0x000000a1a7300000] [id=14580]
  0x000002206e6355c0 GCTaskThread "GC Thread#6" [stack: 0x000000a1a7600000,0x000000a1a7700000] [id=5928]
  0x000002206e635880 GCTaskThread "GC Thread#7" [stack: 0x000000a1a7700000,0x000000a1a7800000] [id=24996]
  0x000002206ea2a070 GCTaskThread "GC Thread#8" [stack: 0x000000a1a7900000,0x000000a1a7a00000] [id=14144]
  0x000002206ede9010 GCTaskThread "GC Thread#9" [stack: 0x000000a1a6d00000,0x000000a1a6e00000] [id=4332]
  0x000002206ede92d0 GCTaskThread "GC Thread#10" [stack: 0x000000a1a7c00000,0x000000a1a7d00000] [id=3896]
  0x000002206e6e4020 GCTaskThread "GC Thread#11" [stack: 0x000000a1a7d00000,0x000000a1a7e00000] [id=25144]
  0x000002206ec59a50 GCTaskThread "GC Thread#12" [stack: 0x000000a1a8100000,0x000000a1a8200000] [id=14972]

Threads with active compile tasks:
C2 CompilerThread0     4271 4182       4       org.eclipse.osgi.internal.loader.classpath.ClasspathEntry::findEntry (56 bytes)
C2 CompilerThread1     4271 4144       4       org.eclipse.osgi.internal.serviceregistry.ServiceRegistry::notifyHooksPrivileged (58 bytes)
C2 CompilerThread2     4271 4181   !   4       org.eclipse.osgi.internal.loader.classpath.ClasspathManager::findClassImpl (308 bytes)

VM state: not at safepoint (normal execution)

VM Mutex/Monitor currently owned by a thread: None

Heap address: 0x00000000c0000000, size: 1024 MB, Compressed Oops mode: 32-bit

CDS archive(s) not mapped
Compressed class space mapped at: 0x0000000100000000-0x0000000140000000, reserved size: 1073741824
Narrow klass base: 0x0000000000000000, Narrow klass shift: 3, Narrow klass range: 0x140000000

GC Precious Log:
 CPUs: 16 total, 16 available
 Memory: 31502M
 Large Page Support: Disabled
 NUMA Support: Disabled
 Compressed Oops: Enabled (32-bit)
 Alignments: Space 512K, Generation 512K, Heap 2M
 Heap Min Capacity: 100M
 Heap Initial Capacity: 100M
 Heap Max Capacity: 1G
 Pre-touch: Disabled
 Parallel Workers: 13

Heap:
 PSYoungGen      total 27648K, used 6439K [0x00000000eab00000, 0x00000000ecc00000, 0x0000000100000000)
  eden space 23552K, 27% used [0x00000000eab00000,0x00000000eb149ff8,0x00000000ec200000)
  from space 4096K, 0% used [0x00000000ec800000,0x00000000ec800000,0x00000000ecc00000)
  to   space 4608K, 0% used [0x00000000ec300000,0x00000000ec300000,0x00000000ec780000)
 ParOldGen       total 68608K, used 16650K [0x00000000c0000000, 0x00000000c4300000, 0x00000000eab00000)
  object space 68608K, 24% used [0x00000000c0000000,0x00000000c1042960,0x00000000c4300000)
 Metaspace       used 36034K, committed 36736K, reserved 1114112K
  class space    used 3552K, committed 3840K, reserved 1048576K

Card table byte_map: [0x0000022052120000,0x0000022052330000] _byte_map_base: 0x0000022051b20000

Marking Bits: (ParMarkBitMap*) 0x00007fff5264d7d0
 Begin Bits: [0x00000220643f0000, 0x00000220653f0000)
 End Bits:   [0x00000220653f0000, 0x00000220663f0000)

Polling page: 0x0000022051f10000

Metaspace:

Usage:
  Non-class:     31.72 MB used.
      Class:      3.47 MB used.
       Both:     35.19 MB used.

Virtual space:
  Non-class space:       64.00 MB reserved,      32.12 MB ( 50%) committed,  1 nodes.
      Class space:        1.00 GB reserved,       3.75 MB ( <1%) committed,  1 nodes.
             Both:        1.06 GB reserved,      35.88 MB (  3%) committed. 

Chunk freelists:
   Non-Class:  15.58 MB
       Class:  12.08 MB
        Both:  27.66 MB

MaxMetaspaceSize: unlimited
CompressedClassSpaceSize: 1.00 GB
Initial GC threshold: 21.00 MB
Current GC threshold: 58.38 MB
CDS: off
MetaspaceReclaimPolicy: balanced
 - commit_granule_bytes: 65536.
 - commit_granule_words: 8192.
 - virtual_space_node_default_size: 8388608.
 - enlarge_chunks_in_place: 1.
 - new_chunks_are_fully_committed: 0.
 - uncommit_free_chunks: 1.
 - use_allocation_guard: 0.
 - handle_deallocations: 1.


Internal statistics:

num_allocs_failed_limit: 6.
num_arena_births: 376.
num_arena_deaths: 14.
num_vsnodes_births: 2.
num_vsnodes_deaths: 0.
num_space_committed: 574.
num_space_uncommitted: 0.
num_chunks_returned_to_freelist: 20.
num_chunks_taken_from_freelist: 1472.
num_chunk_merges: 8.
num_chunk_splits: 969.
num_chunks_enlarged: 662.
num_inconsistent_stats: 0.

CodeHeap 'non-profiled nmethods': size=119168Kb used=1904Kb max_used=1904Kb free=117263Kb
 bounds [0x000002205cf90000, 0x000002205d200000, 0x00000220643f0000]
CodeHeap 'profiled nmethods': size=119104Kb used=8810Kb max_used=8810Kb free=110293Kb
 bounds [0x00000220553f0000, 0x0000022055c90000, 0x000002205c840000]
CodeHeap 'non-nmethods': size=7488Kb used=2955Kb max_used=3014Kb free=4533Kb
 bounds [0x000002205c840000, 0x000002205cb40000, 0x000002205cf90000]
 total_blobs=4773 nmethods=4179 adapters=504
 compilation: enabled
              stopped_count=0, restarted_count=0
 full_count=0

Compilation events (20 events):
Event: 4.209 Thread 0x000002206bb413a0 4165       3       org.codehaus.plexus.util.xml.pull.MXParser::nextImpl (1203 bytes)
Event: 4.211 Thread 0x000002206bb5f430 4167       3       org.codehaus.plexus.util.xml.pull.MXParser::next (10 bytes)
Event: 4.211 Thread 0x000002206bb5f430 nmethod 4167 0x0000022055c82810 code [0x0000022055c829a0, 0x0000022055c82ae8]
Event: 4.231 Thread 0x000002206bb413a0 nmethod 4165 0x0000022055c82b90 code [0x0000022055c83200, 0x0000022055c863a8]
Event: 4.233 Thread 0x000002206b9bd080 nmethod 4149 0x000002205d163490 code [0x000002205d163680, 0x000002205d163e60]
Event: 4.233 Thread 0x000002206b9bd080 4166       4       org.codehaus.plexus.util.xml.pull.MXParser::more (106 bytes)
Event: 4.235 Thread 0x000002206b9bd080 nmethod 4166 0x000002205d164610 code [0x000002205d1647a0, 0x000002205d1648c8]
Event: 4.235 Thread 0x000002206b9bd080 4150       4       org.eclipse.osgi.storage.bundlefile.ZipBundleFile::getZipEntry (87 bytes)
Event: 4.240 Thread 0x000002206bb413a0 4168       1       java.lang.invoke.MethodHandle::internalForm (5 bytes)
Event: 4.241 Thread 0x000002206bb413a0 nmethod 4168 0x000002205d164a10 code [0x000002205d164ba0, 0x000002205d164c78]
Event: 4.241 Thread 0x000002206bb40a70 4169       3       java.lang.invoke.MethodHandles$Lookup::getDirectMethodNoSecurityManager (18 bytes)
Event: 4.241 Thread 0x000002206bb40a70 nmethod 4169 0x0000022055c87210 code [0x0000022055c873a0, 0x0000022055c874e8]
Event: 4.246 Thread 0x000002206bb40a70 4170       1       java.lang.invoke.InvokerBytecodeGenerator::setClassWriter (6 bytes)
Event: 4.246 Thread 0x000002206bb40a70 nmethod 4170 0x000002205d164d10 code [0x000002205d164ea0, 0x000002205d164f78]
Event: 4.246 Thread 0x000002206bb413a0 4171       1       java.lang.Class::getClassData (5 bytes)
Event: 4.246 Thread 0x000002206bb413a0 nmethod 4171 0x000002205d165010 code [0x000002205d1651a0, 0x000002205d165278]
Event: 4.248 Thread 0x000002206b9bd080 nmethod 4150 0x000002205d165310 code [0x000002205d1654e0, 0x000002205d165ae8]
Event: 4.248 Thread 0x000002206b9bd080 4160       4       java.lang.Character::isHighSurrogate (18 bytes)
Event: 4.248 Thread 0x000002206b9bd080 nmethod 4160 0x000002205d166090 code [0x000002205d166200, 0x000002205d166278]
Event: 4.250 Thread 0x000002206b9bd080 4172       4       java.lang.Class::getPackageName (81 bytes)

GC Heap History (20 events):
Event: 1.735 GC heap before
{Heap before GC invocations=3 (full 0):
 PSYoungGen      total 29696K, used 29690K [0x00000000eab00000, 0x00000000ecc00000, 0x0000000100000000)
  eden space 25600K, 100% used [0x00000000eab00000,0x00000000ec400000,0x00000000ec400000)
  from space 4096K, 99% used [0x00000000ec800000,0x00000000ecbfe978,0x00000000ecc00000)
  to   space 4096K, 0% used [0x00000000ec400000,0x00000000ec400000,0x00000000ec800000)
 ParOldGen       total 68608K, used 1352K [0x00000000c0000000, 0x00000000c4300000, 0x00000000eab00000)
  object space 68608K, 1% used [0x00000000c0000000,0x00000000c0152050,0x00000000c4300000)
 Metaspace       used 16107K, committed 16320K, reserved 1114112K
  class space    used 1607K, committed 1728K, reserved 1048576K
}
Event: 1.745 GC heap after
{Heap after GC invocations=3 (full 0):
 PSYoungGen      total 29696K, used 4082K [0x00000000eab00000, 0x00000000ecc00000, 0x0000000100000000)
  eden space 25600K, 0% used [0x00000000eab00000,0x00000000eab00000,0x00000000ec400000)
  from space 4096K, 99% used [0x00000000ec400000,0x00000000ec7fc9f8,0x00000000ec800000)
  to   space 4096K, 0% used [0x00000000ec800000,0x00000000ec800000,0x00000000ecc00000)
 ParOldGen       total 68608K, used 5263K [0x00000000c0000000, 0x00000000c4300000, 0x00000000eab00000)
  object space 68608K, 7% used [0x00000000c0000000,0x00000000c0523ce8,0x00000000c4300000)
 Metaspace       used 16107K, committed 16320K, reserved 1114112K
  class space    used 1607K, committed 1728K, reserved 1048576K
}
Event: 2.181 GC heap before
{Heap before GC invocations=4 (full 0):
 PSYoungGen      total 29696K, used 29682K [0x00000000eab00000, 0x00000000ecc00000, 0x0000000100000000)
  eden space 25600K, 100% used [0x00000000eab00000,0x00000000ec400000,0x00000000ec400000)
  from space 4096K, 99% used [0x00000000ec400000,0x00000000ec7fc9f8,0x00000000ec800000)
  to   space 4096K, 0% used [0x00000000ec800000,0x00000000ec800000,0x00000000ecc00000)
 ParOldGen       total 68608K, used 5263K [0x00000000c0000000, 0x00000000c4300000, 0x00000000eab00000)
  object space 68608K, 7% used [0x00000000c0000000,0x00000000c0523ce8,0x00000000c4300000)
 Metaspace       used 20747K, committed 21184K, reserved 1114112K
  class space    used 2089K, committed 2240K, reserved 1048576K
}
Event: 2.185 GC heap after
{Heap after GC invocations=4 (full 0):
 PSYoungGen      total 29696K, used 4077K [0x00000000eab00000, 0x00000000ecc00000, 0x0000000100000000)
  eden space 25600K, 0% used [0x00000000eab00000,0x00000000eab00000,0x00000000ec400000)
  from space 4096K, 99% used [0x00000000ec800000,0x00000000ecbfb7f8,0x00000000ecc00000)
  to   space 4096K, 0% used [0x00000000ec400000,0x00000000ec400000,0x00000000ec800000)
 ParOldGen       total 68608K, used 6229K [0x00000000c0000000, 0x00000000c4300000, 0x00000000eab00000)
  object space 68608K, 9% used [0x00000000c0000000,0x00000000c0615680,0x00000000c4300000)
 Metaspace       used 20747K, committed 21184K, reserved 1114112K
  class space    used 2089K, committed 2240K, reserved 1048576K
}
Event: 2.241 GC heap before
{Heap before GC invocations=5 (full 0):
 PSYoungGen      total 29696K, used 7903K [0x00000000eab00000, 0x00000000ecc00000, 0x0000000100000000)
  eden space 25600K, 14% used [0x00000000eab00000,0x00000000eaebc768,0x00000000ec400000)
  from space 4096K, 99% used [0x00000000ec800000,0x00000000ecbfb7f8,0x00000000ecc00000)
  to   space 4096K, 0% used [0x00000000ec400000,0x00000000ec400000,0x00000000ec800000)
 ParOldGen       total 68608K, used 6229K [0x00000000c0000000, 0x00000000c4300000, 0x00000000eab00000)
  object space 68608K, 9% used [0x00000000c0000000,0x00000000c0615680,0x00000000c4300000)
 Metaspace       used 21148K, committed 21504K, reserved 1114112K
  class space    used 2136K, committed 2304K, reserved 1048576K
}
Event: 2.243 GC heap after
{Heap after GC invocations=5 (full 0):
 PSYoungGen      total 29696K, used 4081K [0x00000000eab00000, 0x00000000ece00000, 0x0000000100000000)
  eden space 25600K, 0% used [0x00000000eab00000,0x00000000eab00000,0x00000000ec400000)
  from space 4096K, 99% used [0x00000000ec400000,0x00000000ec7fc600,0x00000000ec800000)
  to   space 5120K, 0% used [0x00000000ec900000,0x00000000ec900000,0x00000000ece00000)
 ParOldGen       total 68608K, used 6724K [0x00000000c0000000, 0x00000000c4300000, 0x00000000eab00000)
  object space 68608K, 9% used [0x00000000c0000000,0x00000000c0691318,0x00000000c4300000)
 Metaspace       used 21148K, committed 21504K, reserved 1114112K
  class space    used 2136K, committed 2304K, reserved 1048576K
}
Event: 2.243 GC heap before
{Heap before GC invocations=6 (full 1):
 PSYoungGen      total 29696K, used 4081K [0x00000000eab00000, 0x00000000ece00000, 0x0000000100000000)
  eden space 25600K, 0% used [0x00000000eab00000,0x00000000eab00000,0x00000000ec400000)
  from space 4096K, 99% used [0x00000000ec400000,0x00000000ec7fc600,0x00000000ec800000)
  to   space 5120K, 0% used [0x00000000ec900000,0x00000000ec900000,0x00000000ece00000)
 ParOldGen       total 68608K, used 6724K [0x00000000c0000000, 0x00000000c4300000, 0x00000000eab00000)
  object space 68608K, 9% used [0x00000000c0000000,0x00000000c0691318,0x00000000c4300000)
 Metaspace       used 21148K, committed 21504K, reserved 1114112K
  class space    used 2136K, committed 2304K, reserved 1048576K
}
Event: 2.269 GC heap after
{Heap after GC invocations=6 (full 1):
 PSYoungGen      total 29696K, used 0K [0x00000000eab00000, 0x00000000ece00000, 0x0000000100000000)
  eden space 25600K, 0% used [0x00000000eab00000,0x00000000eab00000,0x00000000ec400000)
  from space 4096K, 0% used [0x00000000ec400000,0x00000000ec400000,0x00000000ec800000)
  to   space 5120K, 0% used [0x00000000ec900000,0x00000000ec900000,0x00000000ece00000)
 ParOldGen       total 68608K, used 10465K [0x00000000c0000000, 0x00000000c4300000, 0x00000000eab00000)
  object space 68608K, 15% used [0x00000000c0000000,0x00000000c0a38718,0x00000000c4300000)
 Metaspace       used 21134K, committed 21504K, reserved 1114112K
  class space    used 2133K, committed 2304K, reserved 1048576K
}
Event: 2.800 GC heap before
{Heap before GC invocations=7 (full 1):
 PSYoungGen      total 29696K, used 25600K [0x00000000eab00000, 0x00000000ece00000, 0x0000000100000000)
  eden space 25600K, 100% used [0x00000000eab00000,0x00000000ec400000,0x00000000ec400000)
  from space 4096K, 0% used [0x00000000ec400000,0x00000000ec400000,0x00000000ec800000)
  to   space 5120K, 0% used [0x00000000ec900000,0x00000000ec900000,0x00000000ece00000)
 ParOldGen       total 68608K, used 10465K [0x00000000c0000000, 0x00000000c4300000, 0x00000000eab00000)
  object space 68608K, 15% used [0x00000000c0000000,0x00000000c0a38718,0x00000000c4300000)
 Metaspace       used 24442K, committed 24960K, reserved 1114112K
  class space    used 2475K, committed 2688K, reserved 1048576K
}
Event: 2.803 GC heap after
{Heap after GC invocations=7 (full 1):
 PSYoungGen      total 26624K, used 1296K [0x00000000eab00000, 0x00000000eca80000, 0x0000000100000000)
  eden space 25088K, 0% used [0x00000000eab00000,0x00000000eab00000,0x00000000ec380000)
  from space 1536K, 84% used [0x00000000ec900000,0x00000000eca440a8,0x00000000eca80000)
  to   space 3072K, 0% used [0x00000000ec480000,0x00000000ec480000,0x00000000ec780000)
 ParOldGen       total 68608K, used 10473K [0x00000000c0000000, 0x00000000c4300000, 0x00000000eab00000)
  object space 68608K, 15% used [0x00000000c0000000,0x00000000c0a3a718,0x00000000c4300000)
 Metaspace       used 24442K, committed 24960K, reserved 1114112K
  class space    used 2475K, committed 2688K, reserved 1048576K
}
Event: 3.154 GC heap before
{Heap before GC invocations=8 (full 1):
 PSYoungGen      total 26624K, used 26310K [0x00000000eab00000, 0x00000000eca80000, 0x0000000100000000)
  eden space 25088K, 99% used [0x00000000eab00000,0x00000000ec36d7a0,0x00000000ec380000)
  from space 1536K, 84% used [0x00000000ec900000,0x00000000eca440a8,0x00000000eca80000)
  to   space 3072K, 0% used [0x00000000ec480000,0x00000000ec480000,0x00000000ec780000)
 ParOldGen       total 68608K, used 10473K [0x00000000c0000000, 0x00000000c4300000, 0x00000000eab00000)
  object space 68608K, 15% used [0x00000000c0000000,0x00000000c0a3a718,0x00000000c4300000)
 Metaspace       used 27577K, committed 28224K, reserved 1114112K
  class space    used 2804K, committed 3072K, reserved 1048576K
}
Event: 3.156 GC heap after
{Heap after GC invocations=8 (full 1):
 PSYoungGen      total 27648K, used 3061K [0x00000000eab00000, 0x00000000ecb00000, 0x0000000100000000)
  eden space 24576K, 0% used [0x00000000eab00000,0x00000000eab00000,0x00000000ec300000)
  from space 3072K, 99% used [0x00000000ec480000,0x00000000ec77d460,0x00000000ec780000)
  to   space 3584K, 0% used [0x00000000ec780000,0x00000000ec780000,0x00000000ecb00000)
 ParOldGen       total 68608K, used 10681K [0x00000000c0000000, 0x00000000c4300000, 0x00000000eab00000)
  object space 68608K, 15% used [0x00000000c0000000,0x00000000c0a6e718,0x00000000c4300000)
 Metaspace       used 27577K, committed 28224K, reserved 1114112K
  class space    used 2804K, committed 3072K, reserved 1048576K
}
Event: 3.364 GC heap before
{Heap before GC invocations=9 (full 1):
 PSYoungGen      total 27648K, used 27637K [0x00000000eab00000, 0x00000000ecb00000, 0x0000000100000000)
  eden space 24576K, 100% used [0x00000000eab00000,0x00000000ec300000,0x00000000ec300000)
  from space 3072K, 99% used [0x00000000ec480000,0x00000000ec77d460,0x00000000ec780000)
  to   space 3584K, 0% used [0x00000000ec780000,0x00000000ec780000,0x00000000ecb00000)
 ParOldGen       total 68608K, used 10681K [0x00000000c0000000, 0x00000000c4300000, 0x00000000eab00000)
  object space 68608K, 15% used [0x00000000c0000000,0x00000000c0a6e718,0x00000000c4300000)
 Metaspace       used 30014K, committed 30592K, reserved 1114112K
  class space    used 2968K, committed 3200K, reserved 1048576K
}
Event: 3.366 GC heap after
{Heap after GC invocations=9 (full 1):
 PSYoungGen      total 27648K, used 3571K [0x00000000eab00000, 0x00000000ecb00000, 0x0000000100000000)
  eden space 24064K, 0% used [0x00000000eab00000,0x00000000eab00000,0x00000000ec280000)
  from space 3584K, 99% used [0x00000000ec780000,0x00000000ecafcef0,0x00000000ecb00000)
  to   space 4096K, 0% used [0x00000000ec300000,0x00000000ec300000,0x00000000ec700000)
 ParOldGen       total 68608K, used 10697K [0x00000000c0000000, 0x00000000c4300000, 0x00000000eab00000)
  object space 68608K, 15% used [0x00000000c0000000,0x00000000c0a72718,0x00000000c4300000)
 Metaspace       used 30014K, committed 30592K, reserved 1114112K
  class space    used 2968K, committed 3200K, reserved 1048576K
}
Event: 3.545 GC heap before
{Heap before GC invocations=10 (full 1):
 PSYoungGen      total 27648K, used 27635K [0x00000000eab00000, 0x00000000ecb00000, 0x0000000100000000)
  eden space 24064K, 100% used [0x00000000eab00000,0x00000000ec280000,0x00000000ec280000)
  from space 3584K, 99% used [0x00000000ec780000,0x00000000ecafcef0,0x00000000ecb00000)
  to   space 4096K, 0% used [0x00000000ec300000,0x00000000ec300000,0x00000000ec700000)
 ParOldGen       total 68608K, used 10697K [0x00000000c0000000, 0x00000000c4300000, 0x00000000eab00000)
  object space 68608K, 15% used [0x00000000c0000000,0x00000000c0a72718,0x00000000c4300000)
 Metaspace       used 32041K, committed 32704K, reserved 1114112K
  class space    used 3116K, committed 3392K, reserved 1048576K
}
Event: 3.547 GC heap after
{Heap after GC invocations=10 (full 1):
 PSYoungGen      total 27648K, used 4075K [0x00000000eab00000, 0x00000000ece00000, 0x0000000100000000)
  eden space 23552K, 0% used [0x00000000eab00000,0x00000000eab00000,0x00000000ec200000)
  from space 4096K, 99% used [0x00000000ec300000,0x00000000ec6fac78,0x00000000ec700000)
  to   space 6144K, 0% used [0x00000000ec800000,0x00000000ec800000,0x00000000ece00000)
 ParOldGen       total 68608K, used 12061K [0x00000000c0000000, 0x00000000c4300000, 0x00000000eab00000)
  object space 68608K, 17% used [0x00000000c0000000,0x00000000c0bc7770,0x00000000c4300000)
 Metaspace       used 32041K, committed 32704K, reserved 1114112K
  class space    used 3116K, committed 3392K, reserved 1048576K
}
Event: 4.071 GC heap before
{Heap before GC invocations=11 (full 1):
 PSYoungGen      total 27648K, used 24010K [0x00000000eab00000, 0x00000000ece00000, 0x0000000100000000)
  eden space 23552K, 84% used [0x00000000eab00000,0x00000000ebe77d80,0x00000000ec200000)
  from space 4096K, 99% used [0x00000000ec300000,0x00000000ec6fac78,0x00000000ec700000)
  to   space 6144K, 0% used [0x00000000ec800000,0x00000000ec800000,0x00000000ece00000)
 ParOldGen       total 68608K, used 12061K [0x00000000c0000000, 0x00000000c4300000, 0x00000000eab00000)
  object space 68608K, 17% used [0x00000000c0000000,0x00000000c0bc7770,0x00000000c4300000)
 Metaspace       used 35141K, committed 35840K, reserved 1114112K
  class space    used 3442K, committed 3776K, reserved 1048576K
}
Event: 4.075 GC heap after
{Heap after GC invocations=11 (full 1):
 PSYoungGen      total 27648K, used 3647K [0x00000000eab00000, 0x00000000ecc00000, 0x0000000100000000)
  eden space 23552K, 0% used [0x00000000eab00000,0x00000000eab00000,0x00000000ec200000)
  from space 4096K, 89% used [0x00000000ec800000,0x00000000ecb8fde8,0x00000000ecc00000)
  to   space 4608K, 0% used [0x00000000ec300000,0x00000000ec300000,0x00000000ec780000)
 ParOldGen       total 68608K, used 14259K [0x00000000c0000000, 0x00000000c4300000, 0x00000000eab00000)
  object space 68608K, 20% used [0x00000000c0000000,0x00000000c0decd50,0x00000000c4300000)
 Metaspace       used 35141K, committed 35840K, reserved 1114112K
  class space    used 3442K, committed 3776K, reserved 1048576K
}
Event: 4.075 GC heap before
{Heap before GC invocations=12 (full 2):
 PSYoungGen      total 27648K, used 3647K [0x00000000eab00000, 0x00000000ecc00000, 0x0000000100000000)
  eden space 23552K, 0% used [0x00000000eab00000,0x00000000eab00000,0x00000000ec200000)
  from space 4096K, 89% used [0x00000000ec800000,0x00000000ecb8fde8,0x00000000ecc00000)
  to   space 4608K, 0% used [0x00000000ec300000,0x00000000ec300000,0x00000000ec780000)
 ParOldGen       total 68608K, used 14259K [0x00000000c0000000, 0x00000000c4300000, 0x00000000eab00000)
  object space 68608K, 20% used [0x00000000c0000000,0x00000000c0decd50,0x00000000c4300000)
 Metaspace       used 35141K, committed 35840K, reserved 1114112K
  class space    used 3442K, committed 3776K, reserved 1048576K
}
Event: 4.118 GC heap after
{Heap after GC invocations=12 (full 2):
 PSYoungGen      total 27648K, used 0K [0x00000000eab00000, 0x00000000ecc00000, 0x0000000100000000)
  eden space 23552K, 0% used [0x00000000eab00000,0x00000000eab00000,0x00000000ec200000)
  from space 4096K, 0% used [0x00000000ec800000,0x00000000ec800000,0x00000000ecc00000)
  to   space 4608K, 0% used [0x00000000ec300000,0x00000000ec300000,0x00000000ec780000)
 ParOldGen       total 68608K, used 16650K [0x00000000c0000000, 0x00000000c4300000, 0x00000000eab00000)
  object space 68608K, 24% used [0x00000000c0000000,0x00000000c1042960,0x00000000c4300000)
 Metaspace       used 35141K, committed 35840K, reserved 1114112K
  class space    used 3442K, committed 3776K, reserved 1048576K
}

Dll operation events (10 events):
Event: 0.009 Loaded shared library c:\Users\Sahib\.vscode\extensions\redhat.java-1.28.1-win32-x64\jre\17.0.10-win32-x86_64\bin\java.dll
Event: 0.185 Loaded shared library c:\Users\Sahib\.vscode\extensions\redhat.java-1.28.1-win32-x64\jre\17.0.10-win32-x86_64\bin\zip.dll
Event: 0.188 Loaded shared library C:\Users\Sahib\.vscode\extensions\redhat.java-1.28.1-win32-x64\jre\17.0.10-win32-x86_64\bin\instrument.dll
Event: 0.200 Loaded shared library C:\Users\Sahib\.vscode\extensions\redhat.java-1.28.1-win32-x64\jre\17.0.10-win32-x86_64\bin\net.dll
Event: 0.201 Loaded shared library C:\Users\Sahib\.vscode\extensions\redhat.java-1.28.1-win32-x64\jre\17.0.10-win32-x86_64\bin\nio.dll
Event: 0.208 Loaded shared library C:\Users\Sahib\.vscode\extensions\redhat.java-1.28.1-win32-x64\jre\17.0.10-win32-x86_64\bin\zip.dll
Event: 0.229 Loaded shared library C:\Users\Sahib\.vscode\extensions\redhat.java-1.28.1-win32-x64\jre\17.0.10-win32-x86_64\bin\jimage.dll
Event: 0.308 Loaded shared library c:\Users\Sahib\.vscode\extensions\redhat.java-1.28.1-win32-x64\jre\17.0.10-win32-x86_64\bin\verify.dll
Event: 1.355 Loaded shared library C:\Users\Sahib\AppData\Roaming\Code\User\globalStorage\redhat.java\1.28.1\config_win\org.eclipse.equinox.launcher\org.eclipse.equinox.launcher.win32.win32.x86_64_1.2.900.v20240129-1338\eclipse_11900.dll
Event: 4.068 Loaded shared library C:\Users\Sahib\AppData\Local\Temp\jna-79645267\jna12895376919265227251.dll

Deoptimization events (20 events):
Event: 4.170 Thread 0x000002206eca4740 Uncommon trap: trap_request=0xffffffde fr.pc=0x000002205d105c30 relative=0x0000000000000090
Event: 4.170 Thread 0x000002206eca4740 Uncommon trap: reason=class_check action=maybe_recompile pc=0x000002205d105c30 method=java.lang.Character.codePointAt(Ljava/lang/CharSequence;I)I @ 2 c2
Event: 4.170 Thread 0x000002206eca4740 DEOPT PACKING pc=0x000002205d105c30 sp=0x000000a1a7ffeb20
Event: 4.170 Thread 0x000002206eca4740 DEOPT UNPACKING pc=0x000002205c8966a3 sp=0x000000a1a7ffeaa8 mode 2
Event: 4.171 Thread 0x000002206eca4740 Uncommon trap: trap_request=0xffffffde fr.pc=0x000002205d105c30 relative=0x0000000000000090
Event: 4.171 Thread 0x000002206eca4740 Uncommon trap: reason=class_check action=maybe_recompile pc=0x000002205d105c30 method=java.lang.Character.codePointAt(Ljava/lang/CharSequence;I)I @ 2 c2
Event: 4.171 Thread 0x000002206eca4740 DEOPT PACKING pc=0x000002205d105c30 sp=0x000000a1a7ffeb20
Event: 4.171 Thread 0x000002206eca4740 DEOPT UNPACKING pc=0x000002205c8966a3 sp=0x000000a1a7ffeaa8 mode 2
Event: 4.181 Thread 0x000002206b9b12b0 Uncommon trap: trap_request=0xffffff45 fr.pc=0x000002205d0a17e0 relative=0x0000000000000a80
Event: 4.181 Thread 0x000002206b9b12b0 Uncommon trap: reason=unstable_if action=reinterpret pc=0x000002205d0a17e0 method=jdk.internal.org.objectweb.asm.SymbolTable.put(Ljdk/internal/org/objectweb/asm/SymbolTable$Entry;)Ljdk/internal/org/objectweb/asm/SymbolTable$Entry; @ 13 c2
Event: 4.181 Thread 0x000002206b9b12b0 DEOPT PACKING pc=0x000002205d0a17e0 sp=0x000000a1a75fbe50
Event: 4.181 Thread 0x000002206b9b12b0 DEOPT UNPACKING pc=0x000002205c8966a3 sp=0x000000a1a75fbd98 mode 2
Event: 4.211 Thread 0x000002206eca4740 Uncommon trap: trap_request=0xffffffde fr.pc=0x000002205d0b810c relative=0x00000000000001cc
Event: 4.212 Thread 0x000002206eca4740 Uncommon trap: reason=class_check action=maybe_recompile pc=0x000002205d0b810c method=java.io.BufferedInputStream.read1([BII)I @ 39 c2
Event: 4.213 Thread 0x000002206eca4740 DEOPT PACKING pc=0x000002205d0b810c sp=0x000000a1a7ffe870
Event: 4.213 Thread 0x000002206eca4740 DEOPT UNPACKING pc=0x000002205c8966a3 sp=0x000000a1a7ffe818 mode 2
Event: 4.241 Thread 0x000002206b9b12b0 Uncommon trap: trap_request=0xffffff45 fr.pc=0x000002205d0fd238 relative=0x0000000000000378
Event: 4.241 Thread 0x000002206b9b12b0 Uncommon trap: reason=unstable_if action=reinterpret pc=0x000002205d0fd238 method=java.lang.Integer.parseInt(Ljava/lang/String;I)I @ 119 c2
Event: 4.241 Thread 0x000002206b9b12b0 DEOPT PACKING pc=0x000002205d0fd238 sp=0x000000a1a75fcd30
Event: 4.241 Thread 0x000002206b9b12b0 DEOPT UNPACKING pc=0x000002205c8966a3 sp=0x000000a1a75fcc98 mode 2

Classes unloaded (7 events):
Event: 2.247 Thread 0x000002205280ece0 Unloading class 0x0000000100248400 'java/lang/invoke/LambdaForm$MH+0x0000000100248400'
Event: 2.247 Thread 0x000002205280ece0 Unloading class 0x0000000100248000 'java/lang/invoke/LambdaForm$MH+0x0000000100248000'
Event: 2.247 Thread 0x000002205280ece0 Unloading class 0x0000000100243c00 'java/lang/invoke/LambdaForm$MH+0x0000000100243c00'
Event: 2.247 Thread 0x000002205280ece0 Unloading class 0x0000000100243800 'java/lang/invoke/LambdaForm$MH+0x0000000100243800'
Event: 2.247 Thread 0x000002205280ece0 Unloading class 0x0000000100243400 'java/lang/invoke/LambdaForm$BMH+0x0000000100243400'
Event: 2.247 Thread 0x000002205280ece0 Unloading class 0x0000000100243000 'java/lang/invoke/LambdaForm$DMH+0x0000000100243000'
Event: 2.247 Thread 0x000002205280ece0 Unloading class 0x0000000100240400 'java/lang/invoke/LambdaForm$DMH+0x0000000100240400'

Classes redefined (0 events):
No events

Internal exceptions (20 events):
Event: 2.588 Thread 0x000002206b9b12b0 Exception <a 'java/lang/IncompatibleClassChangeError'{0x00000000eb665fe8}: Found class java.lang.Object, but interface was expected> (0x00000000eb665fe8) 
thrown [s\src\hotspot\share\interpreter\linkResolver.cpp, line 826]
Event: 2.593 Thread 0x000002206b9b12b0 Exception <a 'java/lang/NoSuchMethodError'{0x00000000eb67e9e8}: 'java.lang.Object java.lang.invoke.DirectMethodHandle$Holder.invokeSpecial(java.lang.Object, java.lang.Object, java.lang.Object, int, java.lang.Object, java.lang.Object)'> (0x00000000eb67e9e8) 
thrown [s\src\hotspot\share\interpreter\linkResolver.cpp, line 759]
Event: 2.594 Thread 0x000002206b9b12b0 Exception <a 'java/lang/NoSuchMethodError'{0x00000000eb6870e0}: 'java.lang.Object java.lang.invoke.DirectMethodHandle$Holder.newInvokeSpecial(java.lang.Object, java.lang.Object, java.lang.Object, int, java.lang.Object)'> (0x00000000eb6870e0) 
thrown [s\src\hotspot\share\interpreter\linkResolver.cpp, line 759]
Event: 2.594 Thread 0x000002206b9b12b0 Exception <a 'java/lang/NoSuchMethodError'{0x00000000eb68b538}: 'java.lang.Object java.lang.invoke.DirectMethodHandle$Holder.invokeSpecial(java.lang.Object, java.lang.Object, java.lang.Object, java.lang.Object, int, java.lang.Object)'> (0x00000000eb68b538) 
thrown [s\src\hotspot\share\interpreter\linkResolver.cpp, line 759]
Event: 2.595 Thread 0x000002206eca1ec0 Exception <a 'java/lang/NoSuchMethodError'{0x00000000eb5da4d0}: 'java.lang.Object java.lang.invoke.DirectMethodHandle$Holder.invokeSpecial(java.lang.Object, java.lang.Object, int, java.lang.Object, java.lang.Object)'> (0x00000000eb5da4d0) 
thrown [s\src\hotspot\share\interpreter\linkResolver.cpp, line 759]
Event: 2.799 Thread 0x000002206b9b12b0 Exception <a 'java/lang/NoSuchMethodError'{0x00000000ec3df2d0}: 'java.lang.Object java.lang.invoke.Invokers$Holder.linkToTargetMethod(java.lang.Object, long, java.lang.Object, java.lang.Object)'> (0x00000000ec3df2d0) 
thrown [s\src\hotspot\share\interpreter\linkResolver.cpp, line 759]
Event: 2.890 Thread 0x000002206b9b12b0 Exception <a 'java/io/FileNotFoundException'{0x00000000eb262bd8}> (0x00000000eb262bd8) 
thrown [s\src\hotspot\share\prims\jni.cpp, line 516]
Event: 2.891 Thread 0x000002206b9b12b0 Exception <a 'java/lang/NoSuchMethodError'{0x00000000eb26bc50}: 'java.lang.Object java.lang.invoke.DirectMethodHandle$Holder.newInvokeSpecial(java.lang.Object, int, java.lang.Object, java.lang.Object)'> (0x00000000eb26bc50) 
thrown [s\src\hotspot\share\interpreter\linkResolver.cpp, line 759]
Event: 3.001 Thread 0x000002206b9b12b0 Exception <a 'java/lang/NoSuchMethodError'{0x00000000eb9cd150}: 'void java.lang.invoke.DirectMethodHandle$Holder.invokeSpecial(java.lang.Object, java.lang.Object, java.lang.Object, int)'> (0x00000000eb9cd150) 
thrown [s\src\hotspot\share\interpreter\linkResolver.cpp, line 759]
Event: 3.617 Thread 0x000002206b9b12b0 Exception <a 'java/lang/ClassNotFoundException'{0x00000000eaeb3020}: com/sun/org/apache/xerces/internal/impl/msg/spi/DOMMessagesProvider> (0x00000000eaeb3020) 
thrown [s\src\hotspot\share\classfile\systemDictionary.cpp, line 256]
Event: 3.619 Thread 0x000002206b9b12b0 Exception <a 'java/lang/ClassNotFoundException'{0x00000000eaec47a8}: com/sun/org/apache/xerces/internal/impl/msg/spi/XMLSerializerMessagesProvider> (0x00000000eaec47a8) 
thrown [s\src\hotspot\share\classfile\systemDictionary.cpp, line 256]
Event: 3.620 Thread 0x000002206b9b12b0 Exception <a 'java/lang/ClassNotFoundException'{0x00000000eaed1a30}: com/sun/org/apache/xerces/internal/impl/msg/spi/XMLMessagesProvider> (0x00000000eaed1a30) 
thrown [s\src\hotspot\share\classfile\systemDictionary.cpp, line 256]
Event: 3.704 Thread 0x000002206b9b12b0 Exception <a 'java/lang/NoSuchMethodError'{0x00000000eb3d0280}: 'java.lang.Object java.lang.invoke.DirectMethodHandle$Holder.invokeStaticInit(java.lang.Object, int, int, int, int)'> (0x00000000eb3d0280) 
thrown [s\src\hotspot\share\interpreter\linkResolver.cpp, line 759]
Event: 3.768 Thread 0x000002206b9b12b0 Exception <a 'java/lang/NoSuchMethodError'{0x00000000eb490ee8}: 'java.lang.Object java.lang.invoke.DirectMethodHandle$Holder.invokeStaticInit(java.lang.Object, java.lang.Object, int, int, int, int)'> (0x00000000eb490ee8) 
thrown [s\src\hotspot\share\interpreter\linkResolver.cpp, line 759]
Event: 3.859 Thread 0x000002206b9b12b0 Exception <a 'java/lang/ClassNotFoundException'{0x00000000eb863d38}: com/sun/org/apache/xml/internal/serializer/spi/XMLEntitiesProvider> (0x00000000eb863d38) 
thrown [s\src\hotspot\share\classfile\systemDictionary.cpp, line 256]
Event: 3.971 Thread 0x000002206b9b12b0 Exception <a 'java/io/FileNotFoundException'{0x00000000ebc62e90}> (0x00000000ebc62e90) 
thrown [s\src\hotspot\share\prims\jni.cpp, line 516]
Event: 4.062 Thread 0x000002206eca1ec0 Exception <a 'java/lang/NoSuchMethodError'{0x00000000ebdfcc78}: 'void java.lang.invoke.DirectMethodHandle$Holder.invokeStatic(java.lang.Object, java.lang.Object, java.lang.Object, java.lang.Object)'> (0x00000000ebdfcc78) 
thrown [s\src\hotspot\share\interpreter\linkResolver.cpp, line 759]
Event: 4.208 Thread 0x000002206b9b12b0 Exception <a 'java/lang/UnsatisfiedLinkError'{0x00000000eadea080}: The specified procedure could not be found.
> (0x00000000eadea080) 
thrown [s\src\hotspot\share\prims\jni.cpp, line 535]
Event: 4.240 Thread 0x000002206b9b12b0 Exception <a 'java/io/FileNotFoundException'{0x00000000eae57d08}> (0x00000000eae57d08) 
thrown [s\src\hotspot\share\prims\jni.cpp, line 516]
Event: 4.245 Thread 0x000002206eca4740 Exception <a 'java/lang/NoSuchMethodError'{0x00000000eaee7a28}: 'java.lang.Object java.lang.invoke.DirectMethodHandle$Holder.invokeSpecialIFC(java.lang.Object, java.lang.Object, java.lang.Object, java.lang.Object)'> (0x00000000eaee7a28) 
thrown [s\src\hotspot\share\interpreter\linkResolver.cpp, line 759]

VM Operations (20 events):
Event: 3.545 Executing VM operation: ParallelGCFailedAllocation
Event: 3.547 Executing VM operation: ParallelGCFailedAllocation done
Event: 3.584 Executing VM operation: HandshakeAllThreads
Event: 3.584 Executing VM operation: HandshakeAllThreads done
Event: 3.687 Executing VM operation: HandshakeAllThreads
Event: 3.688 Executing VM operation: HandshakeAllThreads done
Event: 3.763 Executing VM operation: HandshakeAllThreads
Event: 3.763 Executing VM operation: HandshakeAllThreads done
Event: 3.821 Executing VM operation: HandshakeAllThreads
Event: 3.821 Executing VM operation: HandshakeAllThreads done
Event: 3.858 Executing VM operation: HandshakeAllThreads
Event: 3.858 Executing VM operation: HandshakeAllThreads done
Event: 3.888 Executing VM operation: HandshakeAllThreads
Event: 3.888 Executing VM operation: HandshakeAllThreads done
Event: 4.071 Executing VM operation: CollectForMetadataAllocation
Event: 4.118 Executing VM operation: CollectForMetadataAllocation done
Event: 4.142 Executing VM operation: HandshakeAllThreads
Event: 4.144 Executing VM operation: HandshakeAllThreads done
Event: 4.165 Executing VM operation: HandshakeAllThreads
Event: 4.165 Executing VM operation: HandshakeAllThreads done

Events (20 events):
Event: 3.998 loading class java/io/File$TempDirectory
Event: 3.998 loading class java/io/File$TempDirectory done
Event: 4.069 loading class java/nio/ShortBuffer
Event: 4.069 loading class java/nio/ShortBuffer done
Event: 4.069 loading class java/nio/FloatBuffer
Event: 4.070 loading class java/nio/FloatBuffer done
Event: 4.070 loading class java/nio/DoubleBuffer
Event: 4.070 loading class java/nio/DoubleBuffer done
Event: 4.071 loading class jdk/internal/loader/NativeLibraries$Unloader
Event: 4.119 Thread 0x000002206eca5670 Thread added: 0x000002206eca5670
Event: 4.119 Thread 0x000002206ec3a740 Thread exited: 0x000002206ec3a740
Event: 4.119 loading class jdk/internal/loader/NativeLibraries$Unloader done
Event: 4.169 loading class java/io/PrintWriter
Event: 4.169 loading class java/io/PrintWriter done
Event: 4.171 Thread 0x000002206ec3a740 Thread added: 0x000002206ec3a740
Event: 4.175 Thread 0x000002206eca3300 Thread added: 0x000002206eca3300
Event: 4.183 loading class java/lang/reflect/UndeclaredThrowableException
Event: 4.183 loading class java/lang/reflect/UndeclaredThrowableException done
Event: 4.245 loading class java/io/FileReader
Event: 4.245 loading class java/io/FileReader done


Dynamic libraries:
0x00007ff66ae80000 - 0x00007ff66ae8e000 	c:\Users\Sahib\.vscode\extensions\redhat.java-1.28.1-win32-x64\jre\17.0.10-win32-x86_64\bin\java.exe
0x00007fffd3e90000 - 0x00007fffd40a7000 	C:\WINDOWS\SYSTEM32\ntdll.dll
0x00007fffd2a20000 - 0x00007fffd2ae4000 	C:\WINDOWS\System32\KERNEL32.DLL
0x00007fffd1710000 - 0x00007fffd1ab6000 	C:\WINDOWS\System32\KERNELBASE.dll
0x00007fffd1270000 - 0x00007fffd1381000 	C:\WINDOWS\System32\ucrtbase.dll
0x00007fff786e0000 - 0x00007fff786fb000 	c:\Users\Sahib\.vscode\extensions\redhat.java-1.28.1-win32-x64\jre\17.0.10-win32-x86_64\bin\VCRUNTIME140.dll
0x00007fff7fb20000 - 0x00007fff7fb37000 	c:\Users\Sahib\.vscode\extensions\redhat.java-1.28.1-win32-x64\jre\17.0.10-win32-x86_64\bin\jli.dll
0x00007fffd2610000 - 0x00007fffd27be000 	C:\WINDOWS\System32\USER32.dll
0x00007fffd1640000 - 0x00007fffd1666000 	C:\WINDOWS\System32\win32u.dll
0x00007fffa9c80000 - 0x00007fffa9f13000 	C:\WINDOWS\WinSxS\amd64_microsoft.windows.common-controls_6595b64144ccf1df_6.0.22621.2506_none_270c5ae97388e100\COMCTL32.dll
0x00007fffd1c90000 - 0x00007fffd1cb9000 	C:\WINDOWS\System32\GDI32.dll
0x00007fffd35d0000 - 0x00007fffd3677000 	C:\WINDOWS\System32\msvcrt.dll
0x00007fffd1ac0000 - 0x00007fffd1bd8000 	C:\WINDOWS\System32\gdi32full.dll
0x00007fffd11d0000 - 0x00007fffd126a000 	C:\WINDOWS\System32\msvcp_win.dll
0x00007fffd1c50000 - 0x00007fffd1c81000 	C:\WINDOWS\System32\IMM32.DLL
0x00007fffa34b0000 - 0x00007fffa34bc000 	c:\Users\Sahib\.vscode\extensions\redhat.java-1.28.1-win32-x64\jre\17.0.10-win32-x86_64\bin\vcruntime140_1.dll
0x00007fff56b40000 - 0x00007fff56bcd000 	c:\Users\Sahib\.vscode\extensions\redhat.java-1.28.1-win32-x64\jre\17.0.10-win32-x86_64\bin\msvcp140.dll
0x00007fff51ab0000 - 0x00007fff52712000 	c:\Users\Sahib\.vscode\extensions\redhat.java-1.28.1-win32-x64\jre\17.0.10-win32-x86_64\bin\server\jvm.dll
0x00007fffd3c90000 - 0x00007fffd3d43000 	C:\WINDOWS\System32\ADVAPI32.dll
0x00007fffd3680000 - 0x00007fffd3728000 	C:\WINDOWS\System32\sechost.dll
0x00007fffd1670000 - 0x00007fffd1698000 	C:\WINDOWS\System32\bcrypt.dll
0x00007fffd3ac0000 - 0x00007fffd3bd7000 	C:\WINDOWS\System32\RPCRT4.dll
0x00007fffd0020000 - 0x00007fffd006d000 	C:\WINDOWS\SYSTEM32\POWRPROF.dll
0x00007fffb24d0000 - 0x00007fffb24d9000 	C:\WINDOWS\SYSTEM32\WSOCK32.dll
0x00007fffc76b0000 - 0x00007fffc76e4000 	C:\WINDOWS\SYSTEM32\WINMM.dll
0x00007fffd3be0000 - 0x00007fffd3c51000 	C:\WINDOWS\System32\WS2_32.dll
0x00007fffc76f0000 - 0x00007fffc76fa000 	C:\WINDOWS\SYSTEM32\VERSION.dll
0x00007fffd0000000 - 0x00007fffd0013000 	C:\WINDOWS\SYSTEM32\UMPDC.dll
0x00007fffd02c0000 - 0x00007fffd02d8000 	C:\WINDOWS\SYSTEM32\kernel.appcore.dll
0x00007fffa2d80000 - 0x00007fffa2d8a000 	c:\Users\Sahib\.vscode\extensions\redhat.java-1.28.1-win32-x64\jre\17.0.10-win32-x86_64\bin\jimage.dll
0x00007fffce580000 - 0x00007fffce7b3000 	C:\WINDOWS\SYSTEM32\DBGHELP.DLL
0x00007fffd3730000 - 0x00007fffd3ab9000 	C:\WINDOWS\System32\combase.dll
0x00007fffd2b70000 - 0x00007fffd2c47000 	C:\WINDOWS\System32\OLEAUT32.dll
0x00007fffc1d90000 - 0x00007fffc1dc2000 	C:\WINDOWS\SYSTEM32\dbgcore.DLL
0x00007fffd1500000 - 0x00007fffd157a000 	C:\WINDOWS\System32\bcryptPrimitives.dll
0x00007fffa2d30000 - 0x00007fffa2d3e000 	c:\Users\Sahib\.vscode\extensions\redhat.java-1.28.1-win32-x64\jre\17.0.10-win32-x86_64\bin\instrument.dll
0x00007fff786b0000 - 0x00007fff786d5000 	c:\Users\Sahib\.vscode\extensions\redhat.java-1.28.1-win32-x64\jre\17.0.10-win32-x86_64\bin\java.dll
0x00007fff78690000 - 0x00007fff786a8000 	c:\Users\Sahib\.vscode\extensions\redhat.java-1.28.1-win32-x64\jre\17.0.10-win32-x86_64\bin\zip.dll
0x00007fffd1db0000 - 0x00007fffd260b000 	C:\WINDOWS\System32\SHELL32.dll
0x00007fffcf0f0000 - 0x00007fffcf9e6000 	C:\WINDOWS\SYSTEM32\windows.storage.dll
0x00007fffcefb0000 - 0x00007fffcf0ee000 	C:\WINDOWS\SYSTEM32\wintypes.dll
0x00007fffd2c50000 - 0x00007fffd2d43000 	C:\WINDOWS\System32\SHCORE.dll
0x00007fffd1be0000 - 0x00007fffd1c3e000 	C:\WINDOWS\System32\shlwapi.dll
0x00007fffd1100000 - 0x00007fffd1126000 	C:\WINDOWS\SYSTEM32\profapi.dll
0x00007fff787a0000 - 0x00007fff787b9000 	C:\Users\Sahib\.vscode\extensions\redhat.java-1.28.1-win32-x64\jre\17.0.10-win32-x86_64\bin\net.dll
0x00007fffca310000 - 0x00007fffca447000 	C:\WINDOWS\SYSTEM32\WINHTTP.dll
0x00007fffd0730000 - 0x00007fffd0799000 	C:\WINDOWS\system32\mswsock.dll
0x00007fff78540000 - 0x00007fff78556000 	C:\Users\Sahib\.vscode\extensions\redhat.java-1.28.1-win32-x64\jre\17.0.10-win32-x86_64\bin\nio.dll
0x00007fffa2b20000 - 0x00007fffa2b30000 	c:\Users\Sahib\.vscode\extensions\redhat.java-1.28.1-win32-x64\jre\17.0.10-win32-x86_64\bin\verify.dll
0x00007fff648c0000 - 0x00007fff648fe000 	C:\Users\Sahib\AppData\Roaming\Code\User\globalStorage\redhat.java\1.28.1\config_win\org.eclipse.equinox.launcher\org.eclipse.equinox.launcher.win32.win32.x86_64_1.2.900.v20240129-1338\eclipse_11900.dll
0x00007fffd2d60000 - 0x00007fffd2f00000 	C:\WINDOWS\System32\ole32.dll
0x00007fffd0a80000 - 0x00007fffd0a9b000 	C:\WINDOWS\SYSTEM32\CRYPTSP.dll
0x00007fffd0220000 - 0x00007fffd0255000 	C:\WINDOWS\system32\rsaenh.dll
0x00007fffd07d0000 - 0x00007fffd07fc000 	C:\WINDOWS\SYSTEM32\USERENV.dll
0x00007fffd0a60000 - 0x00007fffd0a6c000 	C:\WINDOWS\SYSTEM32\CRYPTBASE.dll
0x00007fffcfcc0000 - 0x00007fffcfced000 	C:\WINDOWS\SYSTEM32\IPHLPAPI.DLL
0x00007fffd2f00000 - 0x00007fffd2f09000 	C:\WINDOWS\System32\NSI.dll
0x00007fffcb700000 - 0x00007fffcb719000 	C:\WINDOWS\SYSTEM32\dhcpcsvc6.DLL
0x00007fffc9b20000 - 0x00007fffc9b3f000 	C:\WINDOWS\SYSTEM32\dhcpcsvc.DLL
0x00007fffcfcf0000 - 0x00007fffcfde9000 	C:\WINDOWS\SYSTEM32\DNSAPI.dll
0x00007fff7bcc0000 - 0x00007fff7bd05000 	C:\Users\Sahib\AppData\Local\Temp\jna-79645267\jna12895376919265227251.dll
0x00007fffd3c80000 - 0x00007fffd3c88000 	C:\WINDOWS\System32\PSAPI.DLL

dbghelp: loaded successfully - version: 4.0.5 - missing functions: none
symbol engine: initialized successfully - sym options: 0x614 - pdb path: .;c:\Users\Sahib\.vscode\extensions\redhat.java-1.28.1-win32-x64\jre\17.0.10-win32-x86_64\bin;C:\WINDOWS\SYSTEM32;C:\WINDOWS\WinSxS\amd64_microsoft.windows.common-controls_6595b64144ccf1df_6.0.22621.2506_none_270c5ae97388e100;c:\Users\Sahib\.vscode\extensions\redhat.java-1.28.1-win32-x64\jre\17.0.10-win32-x86_64\bin\server;C:\Users\Sahib\AppData\Roaming\Code\User\globalStorage\redhat.java\1.28.1\config_win\org.eclipse.equinox.launcher\org.eclipse.equinox.launcher.win32.win32.x86_64_1.2.900.v20240129-1338;C:\Users\Sahib\AppData\Local\Temp\jna-79645267

VM Arguments:
jvm_args: --add-modules=ALL-SYSTEM --add-opens=java.base/java.util=ALL-UNNAMED --add-opens=java.base/java.lang=ALL-UNNAMED --add-opens=java.base/sun.nio.fs=ALL-UNNAMED -Declipse.application=org.eclipse.jdt.ls.core.id1 -Dosgi.bundles.defaultStartLevel=4 -Declipse.product=org.eclipse.jdt.ls.core.product -Djava.import.generatesMetadataFilesAtProjectRoot=false -DDetectVMInstallationsJob.disabled=true -Dfile.encoding=utf8 -XX:+UseParallelGC -XX:GCTimeRatio=4 -XX:AdaptiveSizePolicyWeight=90 -Dsun.zip.disableMemoryMapping=true -Xmx1G -Xms100m -Xlog:disable -javaagent:c:\Users\Sahib\.vscode\extensions\redhat.java-1.28.1-win32-x64\lombok\lombok-1.18.31.jar -XX:+HeapDumpOnOutOfMemoryError -XX:HeapDumpPath=c:\Users\Sahib\AppData\Roaming\Code\User\workspaceStorage\6aa05c6369ba513e8d09f27d28089817\redhat.java -Daether.dependencyCollector.impl=bf 
java_command: c:\Users\Sahib\.vscode\extensions\redhat.java-1.28.1-win32-x64\server\plugins\org.eclipse.equinox.launcher_1.6.700.v20231214-2017.jar -configuration c:\Users\Sahib\AppData\Roaming\Code\User\globalStorage\redhat.java\1.28.1\config_win -data c:\Users\Sahib\AppData\Roaming\Code\User\workspaceStorage\6aa05c6369ba513e8d09f27d28089817\redhat.java\jdt_ws --stdio
java_class_path (initial): c:\Users\Sahib\.vscode\extensions\redhat.java-1.28.1-win32-x64\server\plugins\org.eclipse.equinox.launcher_1.6.700.v20231214-2017.jar
Launcher Type: SUN_STANDARD

[Global flags]
    uintx AdaptiveSizePolicyWeight                 = 90                                        {product} {command line}
     intx CICompilerCount                          = 12                                        {product} {ergonomic}
    uintx GCTimeRatio                              = 4                                         {product} {command line}
     bool HeapDumpOnOutOfMemoryError               = true                                   {manageable} {command line}
    ccstr HeapDumpPath                             = c:\Users\Sahib\AppData\Roaming\Code\User\workspaceStorage\6aa05c6369ba513e8d09f27d28089817\redhat.java         {manageable} {command line}
   size_t InitialHeapSize                          = 104857600                                 {product} {command line}
   size_t MaxHeapSize                              = 1073741824                                {product} {command line}
   size_t MaxNewSize                               = 357564416                                 {product} {ergonomic}
   size_t MinHeapDeltaBytes                        = 524288                                    {product} {ergonomic}
   size_t MinHeapSize                              = 104857600                                 {product} {command line}
   size_t NewSize                                  = 34603008                                  {product} {ergonomic}
    uintx NonNMethodCodeHeapSize                   = 7602480                                {pd product} {ergonomic}
    uintx NonProfiledCodeHeapSize                  = 122027880                              {pd product} {ergonomic}
   size_t OldSize                                  = 70254592                                  {product} {ergonomic}
    uintx ProfiledCodeHeapSize                     = 122027880                              {pd product} {ergonomic}
    uintx ReservedCodeCacheSize                    = 251658240                              {pd product} {ergonomic}
     bool SegmentedCodeCache                       = true                                      {product} {ergonomic}
   size_t SoftMaxHeapSize                          = 1073741824                             {manageable} {ergonomic}
     bool UseCompressedClassPointers               = true                           {product lp64_product} {ergonomic}
     bool UseCompressedOops                        = true                           {product lp64_product} {ergonomic}
     bool UseLargePagesIndividualAllocation        = false                                  {pd product} {ergonomic}
     bool UseParallelGC                            = true                                      {product} {command line}

Logging:
Log output configuration:
 #0: stdout all=off uptime,level,tags
 #1: stderr all=off uptime,level,tags

Environment Variables:
JAVA_HOME=C:\Program Files\Eclipse Adoptium\jdk-17.0.9.9-hotspot
PATH=C:\app\Sahib\product\21c\dbhomeXE\bin;C:\Program Files\Eclipse Adoptium\jdk-17.0.9.9-hotspot\bin;C:\Program Files (x86)\VMware\VMware Workstation\bin\;C:\WINDOWS\system32;C:\WINDOWS;C:\WINDOWS\System32\Wbem;C:\WINDOWS\System32\WindowsPowerShell\v1.0\;C:\WINDOWS\System32\OpenSSH\;C:\Program Files\mingw64\bin;C:\platform-tools;C:\ProgramData\chocolatey\bin;C:\Program Files\dotnet\;C:\Program Files\Azure Data Studio\bin;C:\Users\Sahib\AppData\Local\Programs\Python\Python311;C:\dart-sass;C:\Program Files\Git\cmd;C:\Program Files\Vim\vim91;C:\Program Files\PowerShell\7\;C:\Program Files\Calibre2\;C:\Program Files\nodejs\;C:\Users\Sahib\AppData\Local\Android\Sdk\tools;C:\Users\Sahib\AppData\Local\Android\Sdk\tools;C:\Users\Sahib\AppData\Local\pnpm;C:\Users\Sahib\AppData\Local\Programs\Python\Launcher\;C:\Program Files\MySQL\MySQL Shell 8.2\bin\;C:\Program Files\MySQL\MySQL Shell 8.0\bin\;C:\Users\Sahib\AppData\Local\Microsoft\WindowsApps;C:\Users\Sahib\AppData\Local\Programs\Microsoft VS Code\bin;C:\Exercism;C:\Users\Sahib\AppData\Local\JetBrains\Toolbox\scripts;C:\Users\Sahib\.dotnet\tools;C:\Users\Sahib\AppData\Local\Programs\oh-my-posh\bin;C:\Users\Sahib\AppData\Local\Microsoft\WinGet\Links;C:\Users\Sahib\AppData\Local\Android\Sdk\platform-tools;C:\Users\Sahib\AppData\Local\Android\Sdk\cmdline-tools\latest\bin;C:\Program Files\Neovim\bin;C:\Users\Sahib\AppData\Roaming\npm
USERNAME=Sahib
OS=Windows_NT
PROCESSOR_IDENTIFIER=AMD64 Family 25 Model 68 Stepping 1, AuthenticAMD
TMP=C:\Users\Sahib\AppData\Local\Temp
TEMP=C:\Users\Sahib\AppData\Local\Temp



Periodic native trim disabled


---------------  S Y S T E M  ---------------

OS:
 Windows 11 , 64 bit Build 22621 (10.0.22621.3085)
OS uptime: 1 days 10:49 hours
Hyper-V role detected

CPU: total 16 (initial active 16) (16 cores per cpu, 2 threads per core) family 25 model 68 stepping 1 microcode 0x0, cx8, cmov, fxsr, ht, mmx, 3dnowpref, sse, sse2, sse3, ssse3, sse4a, sse4.1, sse4.2, popcnt, lzcnt, tsc, tscinvbit, avx, avx2, aes, erms, clmul, bmi1, bmi2, adx, sha, fma, vzeroupper, clflush, clflushopt, hv
Processor Information for all 16 processors :
  Max Mhz: 2701, Current Mhz: 2701, Mhz Limit: 2701

Memory: 4k page, system-wide physical 31502M (3461M free)
TotalPageFile size 44843M (AvailPageFile size 76M)
current process WorkingSet (physical memory assigned to process): 177M, peak: 182M
current process commit charge ("private bytes"): 290M, peak: 296M

vm_info: OpenJDK 64-Bit Server VM (17.0.10+7) for windows-amd64 JRE (17.0.10+7), built on Jan 16 2024 23:25:11 by "admin" with MS VC++ 16.10 / 16.11 (VS2019)

END.
